[0.017s] Invoking command in '/home/arnix/src/alfred/catkin_ws/build/app': /usr/bin/cmake /home/arnix/src/alfred/catkin_ws/src/app -DCMAKE_EXPORT_COMPILE_COMMANDS=ON -DCATKIN_INSTALL_INTO_PREFIX_ROOT=0 -DCATKIN_SYMLINK_INSTALL=ON -DCMAKE_INSTALL_PREFIX=/home/arnix/src/alfred/catkin_ws/install/app
[0.058s] -- The C compiler identification is GNU 11.2.0
[0.099s] -- The CXX compiler identification is GNU 11.2.0
[0.107s] -- Detecting C compiler ABI info
[0.149s] -- Detecting C compiler ABI info - done
[0.155s] -- Check for working C compiler: /usr/bin/cc - skipped
[0.155s] -- Detecting C compile features
[0.155s] -- Detecting C compile features - done
[0.158s] -- Detecting CXX compiler ABI info
[0.205s] -- Detecting CXX compiler ABI info - done
[0.212s] -- Check for working CXX compiler: /usr/bin/c++ - skipped
[0.212s] -- Detecting CXX compile features
[0.212s] -- Detecting CXX compile features - done
[0.220s] [31mCMake Error at CMakeLists.txt:8 (find_package):
[0.220s]   By not providing "Findcatkin.cmake" in CMAKE_MODULE_PATH this project has
[0.220s]   asked CMake to find a package configuration file provided by "catkin", but
[0.221s]   CMake did not find one.
[0.221s] 
[0.221s]   Could not find a package configuration file provided by "catkin" with any
[0.221s]   of the following names:
[0.221s] 
[0.221s]     catkinConfig.cmake
[0.221s]     catkin-config.cmake
[0.221s] 
[0.221s]   Add the installation prefix of "catkin" to CMAKE_PREFIX_PATH or set
[0.221s]   "catkin_DIR" to a directory containing one of the above files.  If "catkin"
[0.221s]   provides a separate development package or SDK, be sure it has been
[0.221s]   installed.
[0.221s] 
[0.221s] [0m
[0.224s] -- Configuring incomplete, errors occurred!
[0.225s] See also "/home/arnix/src/alfred/catkin_ws/build/app/CMakeFiles/CMakeOutput.log".
