[0.008s] Invoking command in '/home/arnix/src/alfred/catkin_ws/build/sim': /usr/bin/cmake /home/arnix/src/alfred/catkin_ws/src/sim -DCMAKE_EXPORT_COMPILE_COMMANDS=ON -DCATKIN_INSTALL_INTO_PREFIX_ROOT=0 -DCATKIN_SYMLINK_INSTALL=ON -DCMAKE_INSTALL_PREFIX=/home/arnix/src/alfred/catkin_ws/install/sim
[0.077s] -- The C compiler identification is GNU 11.2.0
[0.129s] -- The CXX compiler identification is GNU 11.2.0
[0.136s] -- Detecting C compiler ABI info
[0.181s] -- Detecting C compiler ABI info - done
[0.186s] -- Check for working C compiler: /usr/bin/cc - skipped
[0.187s] -- Detecting C compile features
[0.187s] -- Detecting C compile features - done
[0.191s] -- Detecting CXX compiler ABI info
[0.241s] -- Detecting CXX compiler ABI info - done
[0.252s] -- Check for working CXX compiler: /usr/bin/c++ - skipped
[0.252s] -- Detecting CXX compile features
[0.253s] -- Detecting CXX compile features - done
[0.263s] [31mCMake Error at CMakeLists.txt:8 (find_package):
[0.263s]   By not providing "Findcatkin.cmake" in CMAKE_MODULE_PATH this project has
[0.263s]   asked CMake to find a package configuration file provided by "catkin", but
[0.263s]   CMake did not find one.
[0.263s] 
[0.263s]   Could not find a package configuration file provided by "catkin" with any
[0.263s]   of the following names:
[0.263s] 
[0.263s]     catkinConfig.cmake
[0.263s]     catkin-config.cmake
[0.263s] 
[0.263s]   Add the installation prefix of "catkin" to CMAKE_PREFIX_PATH or set
[0.264s]   "catkin_DIR" to a directory containing one of the above files.  If "catkin"
[0.264s]   provides a separate development package or SDK, be sure it has been
[0.264s]   installed.
[0.264s] 
[0.264s] -- Configuring incomplete, errors occurred!
[0.264s] See also "/home/arnix/src/alfred/catkin_ws/build/sim/CMakeFiles/CMakeOutput.log".
[0.264s] [0m
