[0.007s] Invoking command in '/home/arnix/src/alfred/catkin_ws/build/sim': /usr/bin/cmake /home/arnix/src/alfred/catkin_ws/src/sim -DCMAKE_EXPORT_COMPILE_COMMANDS=ON -DCATKIN_INSTALL_INTO_PREFIX_ROOT=0 -DCATKIN_SYMLINK_INSTALL=ON -DCMAKE_INSTALL_PREFIX=/home/arnix/src/alfred/catkin_ws/install/sim
[0.021s] [31mCMake Error at CMakeLists.txt:8 (find_package):
[0.021s]   By not providing "Findcatkin.cmake" in CMAKE_MODULE_PATH this project has
[0.021s]   asked CMake to find a package configuration file provided by "catkin", but
[0.021s]   CMake did not find one.
[0.022s] 
[0.022s]   Could not find a package configuration file provided by "catkin" with any
[0.022s]   of the following names:
[0.023s] 
[0.023s]     catkinConfig.cmake
[0.023s]     catkin-config.cmake
[0.023s] 
[0.023s]   Add the installation prefix of "catkin" to CMAKE_PREFIX_PATH or set
[0.023s]   "catkin_DIR" to a directory containing one of the above files.  If "catkin"
[0.023s]   provides a separate development package or SDK, be sure it has been
[0.023s]   installed.
[0.023s] 
[0.023s] [0m
[0.024s] -- Configuring incomplete, errors occurred!
[0.024s] See also "/home/arnix/src/alfred/catkin_ws/build/sim/CMakeFiles/CMakeOutput.log".
[0.025s] Invoked command in '/home/arnix/src/alfred/catkin_ws/build/sim' returned '1': /usr/bin/cmake /home/arnix/src/alfred/catkin_ws/src/sim -DCMAKE_EXPORT_COMPILE_COMMANDS=ON -DCATKIN_INSTALL_INTO_PREFIX_ROOT=0 -DCATKIN_SYMLINK_INSTALL=ON -DCMAKE_INSTALL_PREFIX=/home/arnix/src/alfred/catkin_ws/install/sim
