[0.007s] Invoking command in '/home/arnix/src/alfred/catkin_ws/build/app': /usr/bin/cmake /home/arnix/src/alfred/catkin_ws/src/app -DCMAKE_EXPORT_COMPILE_COMMANDS=ON -DCATKIN_INSTALL_INTO_PREFIX_ROOT=0 -DCATKIN_SYMLINK_INSTALL=ON -DCMAKE_INSTALL_PREFIX=/home/arnix/src/alfred/catkin_ws/install/app
[0.080s] -- The C compiler identification is GNU 11.2.0
[0.141s] -- The CXX compiler identification is GNU 11.2.0
[0.147s] -- Detecting C compiler ABI info
[0.185s] -- Detecting C compiler ABI info - done
[0.191s] -- Check for working C compiler: /usr/bin/cc - skipped
[0.191s] -- Detecting C compile features
[0.192s] -- Detecting C compile features - done
[0.195s] -- Detecting CXX compiler ABI info
[0.245s] -- Detecting CXX compiler ABI info - done
[0.251s] -- Check for working CXX compiler: /usr/bin/c++ - skipped
[0.251s] -- Detecting CXX compile features
[0.252s] -- Detecting CXX compile features - done
[0.259s] [31mCMake Error at CMakeLists.txt:8 (find_package):
[0.259s]   By not providing "Findcatkin.cmake" in CMAKE_MODULE_PATH this project has
[0.259s]   asked CMake to find a package configuration file provided by "catkin", but
[0.259s]   CMake did not find one.
[0.259s] 
[0.259s]   Could not find a package configuration file provided by "catkin" with any
[0.259s]   of the following names:
[0.259s] 
[0.259s]     catkinConfig.cmake
[0.259s]     catkin-config.cmake
[0.259s] 
[0.259s]   Add the installation prefix of "catkin" to CMAKE_PREFIX_PATH or set
[0.259s]   "catkin_DIR" to a directory containing one of the above files.  If "catkin"
[0.259s]   provides a separate development package or SDK, be sure it has been
[0.259s]   installed.
[0.259s] 
[0.259s] [0m
[0.259s] -- Configuring incomplete, errors occurred!
[0.260s] See also "/home/arnix/src/alfred/catkin_ws/build/app/CMakeFiles/CMakeOutput.log".
[0.262s] Invoked command in '/home/arnix/src/alfred/catkin_ws/build/app' returned '1': /usr/bin/cmake /home/arnix/src/alfred/catkin_ws/src/app -DCMAKE_EXPORT_COMPILE_COMMANDS=ON -DCATKIN_INSTALL_INTO_PREFIX_ROOT=0 -DCATKIN_SYMLINK_INSTALL=ON -DCMAKE_INSTALL_PREFIX=/home/arnix/src/alfred/catkin_ws/install/app
