[0.000000] (-) TimerEvent: {}
[0.000214] (app) JobQueued: {'identifier': 'app', 'dependencies': OrderedDict()}
[0.000443] (hal) JobQueued: {'identifier': 'hal', 'dependencies': OrderedDict()}
[0.000762] (sim) JobQueued: {'identifier': 'sim', 'dependencies': OrderedDict()}
[0.000793] (app) JobStarted: {'identifier': 'app'}
[0.003947] (hal) JobStarted: {'identifier': 'hal'}
[0.005163] (sim) JobStarted: {'identifier': 'sim'}
[0.007932] (app) JobProgress: {'identifier': 'app', 'progress': 'cmake'}
[0.008272] (app) Command: {'cmd': ['/usr/bin/cmake', '/home/arnix/src/alfred/catkin_ws/src/app', '-DCATKIN_INSTALL_INTO_PREFIX_ROOT=0', '-DCMAKE_INSTALL_PREFIX=/home/arnix/src/alfred/catkin_ws/install/app'], 'cwd': '/home/arnix/src/alfred/catkin_ws/build/app', 'env': OrderedDict([('GJS_DEBUG_TOPICS', 'JS ERROR;JS LOG'), ('LESSOPEN', '| /usr/bin/lesspipe %s'), ('LANGUAGE', 'en_GB'), ('USER', 'arnix'), ('LC_TIME', 'en_US.UTF-8'), ('XDG_SESSION_TYPE', 'wayland'), ('GIT_ASKPASS', '/usr/share/code/resources/app/extensions/git/dist/askpass.sh'), ('SHLVL', '0'), ('HOME', '/home/arnix'), ('CHROME_DESKTOP', 'code-url-handler.desktop'), ('TERM_PROGRAM_VERSION', '1.67.2'), ('DESKTOP_SESSION', 'ubuntu'), ('GIO_LAUNCHED_DESKTOP_FILE', '/usr/share/applications/code.desktop'), ('GNOME_SHELL_SESSION_MODE', 'ubuntu'), ('GTK_MODULES', 'gail:atk-bridge'), ('VSCODE_GIT_ASKPASS_MAIN', '/usr/share/code/resources/app/extensions/git/dist/askpass-main.js'), ('LC_MONETARY', 'en_US.UTF-8'), ('VSCODE_GIT_ASKPASS_NODE', '/usr/share/code/code'), ('MANAGERPID', '2287'), ('SYSTEMD_EXEC_PID', '2517'), ('IM_CONFIG_CHECK_ENV', '1'), ('DBUS_SESSION_BUS_ADDRESS', 'unix:path=/run/user/1000/bus'), ('COLORTERM', 'truecolor'), ('GIO_LAUNCHED_DESKTOP_FILE_PID', '8427'), ('IM_CONFIG_PHASE', '1'), ('WAYLAND_DISPLAY', 'wayland-0'), ('LOGNAME', 'arnix'), ('_', '/usr/bin/colcon'), ('JOURNAL_STREAM', '8:36188'), ('XDG_SESSION_CLASS', 'user'), ('USERNAME', 'arnix'), ('TERM', 'xterm-256color'), ('GNOME_DESKTOP_SESSION_ID', 'this-is-deprecated'), ('PATH', '/home/arnix/.local/bin:/home/arnix/.cargo/bin:/home/arnix/.local/bin:/usr/local/sbin:/usr/local/bin:/usr/sbin:/usr/bin:/sbin:/bin:/usr/games:/usr/local/games:/snap/bin:/snap/bin'), ('SESSION_MANAGER', 'local/Faye:@/tmp/.ICE-unix/2481,unix/Faye:/tmp/.ICE-unix/2481'), ('INVOCATION_ID', 'e1f83de422ae4cda94c17dede9b81139'), ('PAPERSIZE', 'letter'), ('XDG_MENU_PREFIX', 'gnome-'), ('LC_ADDRESS', 'en_US.UTF-8'), ('GNOME_SETUP_DISPLAY', ':1'), ('XDG_RUNTIME_DIR', '/run/user/1000'), ('GDK_BACKEND', 'x11'), ('DISPLAY', ':0'), ('LANG', 'en_GB.UTF-8'), ('XDG_CURRENT_DESKTOP', 'Unity'), ('LC_TELEPHONE', 'en_US.UTF-8'), ('XMODIFIERS', '@im=ibus'), ('XDG_SESSION_DESKTOP', 'ubuntu'), ('XAUTHORITY', '/run/user/1000/.mutter-Xwaylandauth.LODKN1'), ('VSCODE_GIT_IPC_HANDLE', '/run/user/1000/vscode-git-7cffd7f28b.sock'), ('TERM_PROGRAM', 'vscode'), ('SSH_AGENT_LAUNCHER', 'gnome-keyring'), ('SSH_AUTH_SOCK', '/run/user/1000/keyring/ssh'), ('ORIGINAL_XDG_CURRENT_DESKTOP', 'ubuntu:GNOME'), ('SHELL', '/bin/bash'), ('LC_NAME', 'en_US.UTF-8'), ('QT_ACCESSIBILITY', '1'), ('GDMSESSION', 'ubuntu'), ('LESSCLOSE', '/usr/bin/lesspipe %s %s'), ('LC_MEASUREMENT', 'en_US.UTF-8'), ('GJS_DEBUG_OUTPUT', 'stderr'), ('LC_IDENTIFICATION', 'en_US.UTF-8'), ('VSCODE_GIT_ASKPASS_EXTRA_ARGS', '--ms-enable-electron-run-as-node'), ('QT_IM_MODULE', 'ibus'), ('PWD', '/home/arnix/src/alfred/catkin_ws/build/app'), ('LC_ALL', 'en_US.UTF-8'), ('XDG_CONFIG_DIRS', '/etc/xdg/xdg-ubuntu:/etc/xdg'), ('XDG_DATA_DIRS', '/usr/share/ubuntu:/usr/local/share/:/usr/share/:/var/lib/snapd/desktop'), ('LC_NUMERIC', 'en_US.UTF-8'), ('LC_PAPER', 'en_US.UTF-8'), ('COLCON', '1')]), 'shell': False}
[0.010349] (hal) JobProgress: {'identifier': 'hal', 'progress': 'cmake'}
[0.010593] (hal) Command: {'cmd': ['/usr/bin/cmake', '/home/arnix/src/alfred/catkin_ws/src/hal', '-DCMAKE_INSTALL_PREFIX=/home/arnix/src/alfred/catkin_ws/install/hal'], 'cwd': '/home/arnix/src/alfred/catkin_ws/build/hal', 'env': OrderedDict([('GJS_DEBUG_TOPICS', 'JS ERROR;JS LOG'), ('LESSOPEN', '| /usr/bin/lesspipe %s'), ('LANGUAGE', 'en_GB'), ('USER', 'arnix'), ('LC_TIME', 'en_US.UTF-8'), ('XDG_SESSION_TYPE', 'wayland'), ('GIT_ASKPASS', '/usr/share/code/resources/app/extensions/git/dist/askpass.sh'), ('SHLVL', '0'), ('HOME', '/home/arnix'), ('CHROME_DESKTOP', 'code-url-handler.desktop'), ('TERM_PROGRAM_VERSION', '1.67.2'), ('DESKTOP_SESSION', 'ubuntu'), ('GIO_LAUNCHED_DESKTOP_FILE', '/usr/share/applications/code.desktop'), ('GNOME_SHELL_SESSION_MODE', 'ubuntu'), ('GTK_MODULES', 'gail:atk-bridge'), ('VSCODE_GIT_ASKPASS_MAIN', '/usr/share/code/resources/app/extensions/git/dist/askpass-main.js'), ('LC_MONETARY', 'en_US.UTF-8'), ('VSCODE_GIT_ASKPASS_NODE', '/usr/share/code/code'), ('MANAGERPID', '2287'), ('SYSTEMD_EXEC_PID', '2517'), ('IM_CONFIG_CHECK_ENV', '1'), ('DBUS_SESSION_BUS_ADDRESS', 'unix:path=/run/user/1000/bus'), ('COLORTERM', 'truecolor'), ('GIO_LAUNCHED_DESKTOP_FILE_PID', '8427'), ('IM_CONFIG_PHASE', '1'), ('WAYLAND_DISPLAY', 'wayland-0'), ('LOGNAME', 'arnix'), ('_', '/usr/bin/colcon'), ('JOURNAL_STREAM', '8:36188'), ('XDG_SESSION_CLASS', 'user'), ('USERNAME', 'arnix'), ('TERM', 'xterm-256color'), ('GNOME_DESKTOP_SESSION_ID', 'this-is-deprecated'), ('PATH', '/home/arnix/.local/bin:/home/arnix/.cargo/bin:/home/arnix/.local/bin:/usr/local/sbin:/usr/local/bin:/usr/sbin:/usr/bin:/sbin:/bin:/usr/games:/usr/local/games:/snap/bin:/snap/bin'), ('SESSION_MANAGER', 'local/Faye:@/tmp/.ICE-unix/2481,unix/Faye:/tmp/.ICE-unix/2481'), ('INVOCATION_ID', 'e1f83de422ae4cda94c17dede9b81139'), ('PAPERSIZE', 'letter'), ('XDG_MENU_PREFIX', 'gnome-'), ('LC_ADDRESS', 'en_US.UTF-8'), ('GNOME_SETUP_DISPLAY', ':1'), ('XDG_RUNTIME_DIR', '/run/user/1000'), ('GDK_BACKEND', 'x11'), ('DISPLAY', ':0'), ('LANG', 'en_GB.UTF-8'), ('XDG_CURRENT_DESKTOP', 'Unity'), ('LC_TELEPHONE', 'en_US.UTF-8'), ('XMODIFIERS', '@im=ibus'), ('XDG_SESSION_DESKTOP', 'ubuntu'), ('XAUTHORITY', '/run/user/1000/.mutter-Xwaylandauth.LODKN1'), ('VSCODE_GIT_IPC_HANDLE', '/run/user/1000/vscode-git-7cffd7f28b.sock'), ('TERM_PROGRAM', 'vscode'), ('SSH_AGENT_LAUNCHER', 'gnome-keyring'), ('SSH_AUTH_SOCK', '/run/user/1000/keyring/ssh'), ('ORIGINAL_XDG_CURRENT_DESKTOP', 'ubuntu:GNOME'), ('SHELL', '/bin/bash'), ('LC_NAME', 'en_US.UTF-8'), ('QT_ACCESSIBILITY', '1'), ('GDMSESSION', 'ubuntu'), ('LESSCLOSE', '/usr/bin/lesspipe %s %s'), ('LC_MEASUREMENT', 'en_US.UTF-8'), ('GJS_DEBUG_OUTPUT', 'stderr'), ('LC_IDENTIFICATION', 'en_US.UTF-8'), ('VSCODE_GIT_ASKPASS_EXTRA_ARGS', '--ms-enable-electron-run-as-node'), ('QT_IM_MODULE', 'ibus'), ('PWD', '/home/arnix/src/alfred/catkin_ws/build/hal'), ('LC_ALL', 'en_US.UTF-8'), ('XDG_CONFIG_DIRS', '/etc/xdg/xdg-ubuntu:/etc/xdg'), ('XDG_DATA_DIRS', '/usr/share/ubuntu:/usr/local/share/:/usr/share/:/var/lib/snapd/desktop'), ('LC_NUMERIC', 'en_US.UTF-8'), ('LC_PAPER', 'en_US.UTF-8'), ('COLCON', '1')]), 'shell': False}
[0.012856] (sim) JobProgress: {'identifier': 'sim', 'progress': 'cmake'}
[0.013094] (sim) Command: {'cmd': ['/usr/bin/cmake', '/home/arnix/src/alfred/catkin_ws/src/sim', '-DCATKIN_INSTALL_INTO_PREFIX_ROOT=0', '-DCMAKE_INSTALL_PREFIX=/home/arnix/src/alfred/catkin_ws/install/sim'], 'cwd': '/home/arnix/src/alfred/catkin_ws/build/sim', 'env': OrderedDict([('GJS_DEBUG_TOPICS', 'JS ERROR;JS LOG'), ('LESSOPEN', '| /usr/bin/lesspipe %s'), ('LANGUAGE', 'en_GB'), ('USER', 'arnix'), ('LC_TIME', 'en_US.UTF-8'), ('XDG_SESSION_TYPE', 'wayland'), ('GIT_ASKPASS', '/usr/share/code/resources/app/extensions/git/dist/askpass.sh'), ('SHLVL', '0'), ('HOME', '/home/arnix'), ('CHROME_DESKTOP', 'code-url-handler.desktop'), ('TERM_PROGRAM_VERSION', '1.67.2'), ('DESKTOP_SESSION', 'ubuntu'), ('GIO_LAUNCHED_DESKTOP_FILE', '/usr/share/applications/code.desktop'), ('GNOME_SHELL_SESSION_MODE', 'ubuntu'), ('GTK_MODULES', 'gail:atk-bridge'), ('VSCODE_GIT_ASKPASS_MAIN', '/usr/share/code/resources/app/extensions/git/dist/askpass-main.js'), ('LC_MONETARY', 'en_US.UTF-8'), ('VSCODE_GIT_ASKPASS_NODE', '/usr/share/code/code'), ('MANAGERPID', '2287'), ('SYSTEMD_EXEC_PID', '2517'), ('IM_CONFIG_CHECK_ENV', '1'), ('DBUS_SESSION_BUS_ADDRESS', 'unix:path=/run/user/1000/bus'), ('COLORTERM', 'truecolor'), ('GIO_LAUNCHED_DESKTOP_FILE_PID', '8427'), ('IM_CONFIG_PHASE', '1'), ('WAYLAND_DISPLAY', 'wayland-0'), ('LOGNAME', 'arnix'), ('_', '/usr/bin/colcon'), ('JOURNAL_STREAM', '8:36188'), ('XDG_SESSION_CLASS', 'user'), ('USERNAME', 'arnix'), ('TERM', 'xterm-256color'), ('GNOME_DESKTOP_SESSION_ID', 'this-is-deprecated'), ('PATH', '/home/arnix/.local/bin:/home/arnix/.cargo/bin:/home/arnix/.local/bin:/usr/local/sbin:/usr/local/bin:/usr/sbin:/usr/bin:/sbin:/bin:/usr/games:/usr/local/games:/snap/bin:/snap/bin'), ('SESSION_MANAGER', 'local/Faye:@/tmp/.ICE-unix/2481,unix/Faye:/tmp/.ICE-unix/2481'), ('INVOCATION_ID', 'e1f83de422ae4cda94c17dede9b81139'), ('PAPERSIZE', 'letter'), ('XDG_MENU_PREFIX', 'gnome-'), ('LC_ADDRESS', 'en_US.UTF-8'), ('GNOME_SETUP_DISPLAY', ':1'), ('XDG_RUNTIME_DIR', '/run/user/1000'), ('GDK_BACKEND', 'x11'), ('DISPLAY', ':0'), ('LANG', 'en_GB.UTF-8'), ('XDG_CURRENT_DESKTOP', 'Unity'), ('LC_TELEPHONE', 'en_US.UTF-8'), ('XMODIFIERS', '@im=ibus'), ('XDG_SESSION_DESKTOP', 'ubuntu'), ('XAUTHORITY', '/run/user/1000/.mutter-Xwaylandauth.LODKN1'), ('VSCODE_GIT_IPC_HANDLE', '/run/user/1000/vscode-git-7cffd7f28b.sock'), ('TERM_PROGRAM', 'vscode'), ('SSH_AGENT_LAUNCHER', 'gnome-keyring'), ('SSH_AUTH_SOCK', '/run/user/1000/keyring/ssh'), ('ORIGINAL_XDG_CURRENT_DESKTOP', 'ubuntu:GNOME'), ('SHELL', '/bin/bash'), ('LC_NAME', 'en_US.UTF-8'), ('QT_ACCESSIBILITY', '1'), ('GDMSESSION', 'ubuntu'), ('LESSCLOSE', '/usr/bin/lesspipe %s %s'), ('LC_MEASUREMENT', 'en_US.UTF-8'), ('GJS_DEBUG_OUTPUT', 'stderr'), ('LC_IDENTIFICATION', 'en_US.UTF-8'), ('VSCODE_GIT_ASKPASS_EXTRA_ARGS', '--ms-enable-electron-run-as-node'), ('QT_IM_MODULE', 'ibus'), ('PWD', '/home/arnix/src/alfred/catkin_ws/build/sim'), ('LC_ALL', 'en_US.UTF-8'), ('XDG_CONFIG_DIRS', '/etc/xdg/xdg-ubuntu:/etc/xdg'), ('XDG_DATA_DIRS', '/usr/share/ubuntu:/usr/local/share/:/usr/share/:/var/lib/snapd/desktop'), ('LC_NUMERIC', 'en_US.UTF-8'), ('LC_PAPER', 'en_US.UTF-8'), ('COLCON', '1')]), 'shell': False}
[0.015624] (hal) StderrLine: {'line': b'\x1b[33mCMake Warning (dev) in CMakeLists.txt:\n'}
[0.015796] (hal) StderrLine: {'line': b'  No project() command is present.  The top-level CMakeLists.txt file must\n'}
[0.015877] (hal) StderrLine: {'line': b'  contain a literal, direct call to the project() command.  Add a line of\n'}
[0.015940] (hal) StderrLine: {'line': b'  code such as\n'}
[0.016003] (hal) StderrLine: {'line': b'\n'}
[0.016066] (hal) StderrLine: {'line': b'    project(ProjectName)\n'}
[0.016127] (hal) StderrLine: {'line': b'\n'}
[0.016184] (hal) StderrLine: {'line': b'  near the top of the file, but after cmake_minimum_required().\n'}
[0.016242] (hal) StderrLine: {'line': b'\n'}
[0.016316] (hal) StderrLine: {'line': b'  CMake is pretending there is a "project(Project)" command on the first\n'}
[0.016736] (hal) StderrLine: {'line': b'  line.\n'}
[0.016999] (hal) StderrLine: {'line': b'This warning is for project developers.  Use -Wno-dev to suppress it.\n'}
[0.017080] (hal) StderrLine: {'line': b'\x1b[0m\n'}
[0.023595] (app) StderrLine: {'line': b'\x1b[31mCMake Error at CMakeLists.txt:8 (find_package):\n'}
[0.023694] (app) StderrLine: {'line': b'  By not providing "Findcatkin.cmake" in CMAKE_MODULE_PATH this project has\n'}
[0.023747] (app) StderrLine: {'line': b'  asked CMake to find a package configuration file provided by "catkin", but\n'}
[0.023794] (app) StderrLine: {'line': b'  CMake did not find one.\n'}
[0.023841] (app) StderrLine: {'line': b'\n'}
[0.023888] (app) StderrLine: {'line': b'  Could not find a package configuration file provided by "catkin" with any\n'}
[0.023935] (app) StderrLine: {'line': b'  of the following names:\n'}
[0.023980] (app) StderrLine: {'line': b'\n'}
[0.024026] (app) StderrLine: {'line': b'    catkinConfig.cmake\n'}
[0.024073] (app) StderrLine: {'line': b'    catkin-config.cmake\n'}
[0.024120] (app) StderrLine: {'line': b'\n'}
[0.024166] (app) StderrLine: {'line': b'  Add the installation prefix of "catkin" to CMAKE_PREFIX_PATH or set\n'}
[0.024213] (app) StderrLine: {'line': b'  "catkin_DIR" to a directory containing one of the above files.  If "catkin"\n'}
[0.024263] (app) StderrLine: {'line': b'  provides a separate development package or SDK, be sure it has been\n'}
[0.024315] (app) StderrLine: {'line': b'  installed.\n'}
[0.024387] (app) StderrLine: {'line': b'\n'}
[0.024575] (app) StderrLine: {'line': b'\x1b[0m\n'}
[0.024906] (app) StdoutLine: {'line': b'-- Configuring incomplete, errors occurred!\n'}
[0.025078] (app) StdoutLine: {'line': b'See also "/home/arnix/src/alfred/catkin_ws/build/app/CMakeFiles/CMakeOutput.log".\n'}
[0.025246] (app) CommandEnded: {'returncode': 1}
[0.026101] (hal) StderrLine: {'line': b'\x1b[31mCMake Error at hal_pigpio/CMakeLists.txt:8 (find_package):\n'}
[0.026224] (hal) StderrLine: {'line': b'  By not providing "Findcatkin.cmake" in CMAKE_MODULE_PATH this project has\n'}
[0.026291] (hal) StderrLine: {'line': b'  asked CMake to find a package configuration file provided by "catkin", but\n'}
[0.026355] (hal) StderrLine: {'line': b'  CMake did not find one.\n'}
[0.026417] (hal) StderrLine: {'line': b'\n'}
[0.026478] (hal) StderrLine: {'line': b'  Could not find a package configuration file provided by "catkin" with any\n'}
[0.026539] (hal) StderrLine: {'line': b'  of the following names:\n'}
[0.026600] (hal) StderrLine: {'line': b'\n'}
[0.026710] (hal) StdoutLine: {'line': b'-- Configuring incomplete, errors occurred!\n'}
[0.026863] (hal) StdoutLine: {'line': b'See also "/home/arnix/src/alfred/catkin_ws/build/hal/CMakeFiles/CMakeOutput.log".\n'}
[0.027142] (hal) StderrLine: {'line': b'    catkinConfig.cmake\n'}
[0.027430] (hal) StderrLine: {'line': b'    catkin-config.cmake\n'}
[0.027498] (hal) StderrLine: {'line': b'\n'}
[0.027556] (hal) StderrLine: {'line': b'  Add the installation prefix of "catkin" to CMAKE_PREFIX_PATH or set\n'}
[0.027610] (hal) StderrLine: {'line': b'  "catkin_DIR" to a directory containing one of the above files.  If "catkin"\n'}
[0.027665] (hal) StderrLine: {'line': b'  provides a separate development package or SDK, be sure it has been\n'}
[0.027718] (hal) StderrLine: {'line': b'  installed.\n'}
[0.027772] (hal) StderrLine: {'line': b'\n'}
[0.027826] (hal) StderrLine: {'line': b'\x1b[0m\n'}
[0.027880] (hal) CommandEnded: {'returncode': 1}
[0.028100] (hal) JobEnded: {'identifier': 'hal', 'rc': 1}
[0.029163] (sim) StderrLine: {'line': b'\x1b[31mCMake Error at CMakeLists.txt:8 (find_package):\n'}
[0.029363] (sim) StderrLine: {'line': b'  By not providing "Findcatkin.cmake" in CMAKE_MODULE_PATH this project has\n'}
[0.029442] (sim) StderrLine: {'line': b'  asked CMake to find a package configuration file provided by "catkin", but\n'}
[0.029505] (sim) StderrLine: {'line': b'  CMake did not find one.\n'}
[0.029567] (sim) StderrLine: {'line': b'\n'}
[0.029629] (sim) StderrLine: {'line': b'  Could not find a package configuration file provided by "catkin" with any\n'}
[0.029692] (sim) StderrLine: {'line': b'  of the following names:\n'}
[0.029751] (sim) StderrLine: {'line': b'\n'}
[0.029810] (sim) StderrLine: {'line': b'    catkinConfig.cmake\n'}
[0.029869] (sim) StderrLine: {'line': b'    catkin-config.cmake\n'}
[0.029925] (sim) StderrLine: {'line': b'\n'}
[0.029982] (sim) StderrLine: {'line': b'  Add the installation prefix of "catkin" to CMAKE_PREFIX_PATH or set\n'}
[0.030041] (sim) StderrLine: {'line': b'  "catkin_DIR" to a directory containing one of the above files.  If "catkin"\n'}
[0.030100] (sim) StderrLine: {'line': b'  provides a separate development package or SDK, be sure it has been\n'}
[0.030164] (sim) StderrLine: {'line': b'  installed.\n'}
[0.030225] (sim) StderrLine: {'line': b'\n'}
[0.030291] (sim) StdoutLine: {'line': b'-- Configuring incomplete, errors occurred!\n'}
[0.030376] (sim) StdoutLine: {'line': b'See also "/home/arnix/src/alfred/catkin_ws/build/sim/CMakeFiles/CMakeOutput.log".\n'}
[0.030446] (sim) StderrLine: {'line': b'\x1b[0m\n'}
[0.030976] (sim) JobEnded: {'identifier': 'sim', 'rc': 'SIGINT'}
[0.033019] (app) JobEnded: {'identifier': 'app', 'rc': 'SIGINT'}
[0.043587] (-) EventReactorShutdown: {}
