[0.014s] Invoking command in '/home/arnix/src/alfred/catkin_ws/build/sim': /usr/bin/cmake /home/arnix/src/alfred/catkin_ws/src/sim -DCMAKE_EXPORT_COMPILE_COMMANDS=ON -DCATKIN_INSTALL_INTO_PREFIX_ROOT=0 -DCATKIN_SYMLINK_INSTALL=ON -DCMAKE_INSTALL_PREFIX=/home/arnix/src/alfred/catkin_ws/install/sim
[0.054s] -- The C compiler identification is GNU 11.2.0
[0.092s] -- The CXX compiler identification is GNU 11.2.0
[0.099s] -- Detecting C compiler ABI info
[0.142s] -- Detecting C compiler ABI info - done
[0.147s] -- Check for working C compiler: /usr/bin/cc - skipped
[0.148s] -- Detecting C compile features
[0.148s] -- Detecting C compile features - done
[0.150s] -- Detecting CXX compiler ABI info
[0.198s] -- Detecting CXX compiler ABI info - done
[0.204s] -- Check for working CXX compiler: /usr/bin/c++ - skipped
[0.205s] -- Detecting CXX compile features
[0.205s] -- Detecting CXX compile features - done
[0.215s] [31mCMake Error at CMakeLists.txt:8 (find_package):
[0.216s]   By not providing "Findcatkin.cmake" in CMAKE_MODULE_PATH this project has
[0.216s]   asked CMake to find a package configuration file provided by "catkin", but
[0.216s]   CMake did not find one.
[0.216s] 
[0.216s]   Could not find a package configuration file provided by "catkin" with any
[0.217s]   of the following names:
[0.217s] 
[0.217s]     catkinConfig.cmake
[0.217s]     catkin-config.cmake
[0.217s] 
[0.217s]   Add the installation prefix of "catkin" to CMAKE_PREFIX_PATH or set
[0.217s]   "catkin_DIR" to a directory containing one of the above files.  If "catkin"
[0.217s]   provides a separate development package or SDK, be sure it has been
[0.217s]   installed.
[0.217s] 
[0.217s] [0m
[0.217s] -- Configuring incomplete, errors occurred!
[0.217s] See also "/home/arnix/src/alfred/catkin_ws/build/sim/CMakeFiles/CMakeOutput.log".
