[0.009s] Invoking command in '/home/arnix/src/alfred/catkin_ws/build/sim': /usr/bin/cmake /home/arnix/src/alfred/catkin_ws/src/sim -DCATKIN_INSTALL_INTO_PREFIX_ROOT=0 -DCMAKE_INSTALL_PREFIX=/home/arnix/src/alfred/catkin_ws/install/sim
[0.024s] [31mCMake Error at CMakeLists.txt:8 (find_package):
[0.024s]   By not providing "Findcatkin.cmake" in CMAKE_MODULE_PATH this project has
[0.024s]   asked CMake to find a package configuration file provided by "catkin", but
[0.024s]   CMake did not find one.
[0.024s] 
[0.024s]   Could not find a package configuration file provided by "catkin" with any
[0.024s]   of the following names:
[0.025s] 
[0.025s]     catkinConfig.cmake
[0.025s]     catkin-config.cmake
[0.025s] 
[0.025s]   Add the installation prefix of "catkin" to CMAKE_PREFIX_PATH or set
[0.025s]   "catkin_DIR" to a directory containing one of the above files.  If "catkin"
[0.025s]   provides a separate development package or SDK, be sure it has been
[0.025s]   installed.
[0.025s] 
[0.025s] -- Configuring incomplete, errors occurred!
[0.025s] See also "/home/arnix/src/alfred/catkin_ws/build/sim/CMakeFiles/CMakeOutput.log".
[0.025s] [0m
