[0.008s] Invoking command in '/home/arnix/src/alfred/catkin_ws/build/hal': /usr/bin/cmake /home/arnix/src/alfred/catkin_ws/src/hal -DCMAKE_INSTALL_PREFIX=/home/arnix/src/alfred/catkin_ws/install/hal
[0.011s] [33mCMake Warning (dev) in CMakeLists.txt:
[0.012s]   No project() command is present.  The top-level CMakeLists.txt file must
[0.012s]   contain a literal, direct call to the project() command.  Add a line of
[0.012s]   code such as
[0.012s] 
[0.012s]     project(ProjectName)
[0.012s] 
[0.012s]   near the top of the file, but after cmake_minimum_required().
[0.012s] 
[0.012s]   CMake is pretending there is a "project(Project)" command on the first
[0.013s]   line.
[0.013s] This warning is for project developers.  Use -Wno-dev to suppress it.
[0.013s] [0m
[0.022s] [31mCMake Error at hal_pigpio/CMakeLists.txt:8 (find_package):
[0.022s]   By not providing "Findcatkin.cmake" in CMAKE_MODULE_PATH this project has
[0.022s]   asked CMake to find a package configuration file provided by "catkin", but
[0.022s]   CMake did not find one.
[0.022s] 
[0.022s]   Could not find a package configuration file provided by "catkin" with any
[0.022s]   of the following names:
[0.022s] 
[0.022s] -- Configuring incomplete, errors occurred!
[0.023s] See also "/home/arnix/src/alfred/catkin_ws/build/hal/CMakeFiles/CMakeOutput.log".
[0.023s]     catkinConfig.cmake
[0.023s]     catkin-config.cmake
[0.023s] 
[0.023s]   Add the installation prefix of "catkin" to CMAKE_PREFIX_PATH or set
[0.023s]   "catkin_DIR" to a directory containing one of the above files.  If "catkin"
[0.023s]   provides a separate development package or SDK, be sure it has been
[0.023s]   installed.
[0.023s] 
[0.024s] [0m
[0.024s] Invoked command in '/home/arnix/src/alfred/catkin_ws/build/hal' returned '1': /usr/bin/cmake /home/arnix/src/alfred/catkin_ws/src/hal -DCMAKE_INSTALL_PREFIX=/home/arnix/src/alfred/catkin_ws/install/hal
