[0.000000] (-) TimerEvent: {}
[0.000278] (app) JobQueued: {'identifier': 'app', 'dependencies': OrderedDict()}
[0.000305] (hal) JobQueued: {'identifier': 'hal', 'dependencies': OrderedDict()}
[0.000336] (sim) JobQueued: {'identifier': 'sim', 'dependencies': OrderedDict()}
[0.000352] (app) JobStarted: {'identifier': 'app'}
[0.003793] (hal) JobStarted: {'identifier': 'hal'}
[0.004585] (sim) JobStarted: {'identifier': 'sim'}
[0.006851] (app) JobProgress: {'identifier': 'app', 'progress': 'cmake'}
[0.007216] (app) Command: {'cmd': ['/usr/bin/cmake', '/home/arnix/src/alfred/catkin_ws/src/app', '-DCMAKE_EXPORT_COMPILE_COMMANDS=ON', '-DCATKIN_INSTALL_INTO_PREFIX_ROOT=0', '-DCATKIN_SYMLINK_INSTALL=ON', '-DCMAKE_INSTALL_PREFIX=/home/arnix/src/alfred/catkin_ws/install/app'], 'cwd': '/home/arnix/src/alfred/catkin_ws/build/app', 'env': OrderedDict([('GJS_DEBUG_TOPICS', 'JS ERROR;JS LOG'), ('LESSOPEN', '| /usr/bin/lesspipe %s'), ('LANGUAGE', 'en_GB'), ('USER', 'arnix'), ('LC_TIME', 'en_US.UTF-8'), ('XDG_SESSION_TYPE', 'wayland'), ('GIT_ASKPASS', '/usr/share/code/resources/app/extensions/git/dist/askpass.sh'), ('SHLVL', '0'), ('HOME', '/home/arnix'), ('CHROME_DESKTOP', 'code-url-handler.desktop'), ('TERM_PROGRAM_VERSION', '1.67.2'), ('DESKTOP_SESSION', 'ubuntu'), ('GIO_LAUNCHED_DESKTOP_FILE', '/usr/share/applications/code.desktop'), ('GNOME_SHELL_SESSION_MODE', 'ubuntu'), ('GTK_MODULES', 'gail:atk-bridge'), ('VSCODE_GIT_ASKPASS_MAIN', '/usr/share/code/resources/app/extensions/git/dist/askpass-main.js'), ('LC_MONETARY', 'en_US.UTF-8'), ('VSCODE_GIT_ASKPASS_NODE', '/usr/share/code/code'), ('MANAGERPID', '2287'), ('SYSTEMD_EXEC_PID', '2517'), ('IM_CONFIG_CHECK_ENV', '1'), ('DBUS_SESSION_BUS_ADDRESS', 'unix:path=/run/user/1000/bus'), ('COLORTERM', 'truecolor'), ('GIO_LAUNCHED_DESKTOP_FILE_PID', '8427'), ('IM_CONFIG_PHASE', '1'), ('WAYLAND_DISPLAY', 'wayland-0'), ('LOGNAME', 'arnix'), ('_', '/usr/bin/colcon'), ('JOURNAL_STREAM', '8:36188'), ('XDG_SESSION_CLASS', 'user'), ('USERNAME', 'arnix'), ('TERM', 'xterm-256color'), ('GNOME_DESKTOP_SESSION_ID', 'this-is-deprecated'), ('PATH', '/home/arnix/.local/bin:/home/arnix/.cargo/bin:/home/arnix/.local/bin:/usr/local/sbin:/usr/local/bin:/usr/sbin:/usr/bin:/sbin:/bin:/usr/games:/usr/local/games:/snap/bin:/snap/bin'), ('SESSION_MANAGER', 'local/Faye:@/tmp/.ICE-unix/2481,unix/Faye:/tmp/.ICE-unix/2481'), ('INVOCATION_ID', 'e1f83de422ae4cda94c17dede9b81139'), ('PAPERSIZE', 'letter'), ('XDG_MENU_PREFIX', 'gnome-'), ('LC_ADDRESS', 'en_US.UTF-8'), ('GNOME_SETUP_DISPLAY', ':1'), ('XDG_RUNTIME_DIR', '/run/user/1000'), ('GDK_BACKEND', 'x11'), ('DISPLAY', ':0'), ('LANG', 'en_GB.UTF-8'), ('XDG_CURRENT_DESKTOP', 'Unity'), ('LC_TELEPHONE', 'en_US.UTF-8'), ('XMODIFIERS', '@im=ibus'), ('XDG_SESSION_DESKTOP', 'ubuntu'), ('XAUTHORITY', '/run/user/1000/.mutter-Xwaylandauth.LODKN1'), ('VSCODE_GIT_IPC_HANDLE', '/run/user/1000/vscode-git-7cffd7f28b.sock'), ('TERM_PROGRAM', 'vscode'), ('SSH_AGENT_LAUNCHER', 'gnome-keyring'), ('SSH_AUTH_SOCK', '/run/user/1000/keyring/ssh'), ('ORIGINAL_XDG_CURRENT_DESKTOP', 'ubuntu:GNOME'), ('SHELL', '/bin/bash'), ('LC_NAME', 'en_US.UTF-8'), ('QT_ACCESSIBILITY', '1'), ('GDMSESSION', 'ubuntu'), ('LESSCLOSE', '/usr/bin/lesspipe %s %s'), ('LC_MEASUREMENT', 'en_US.UTF-8'), ('GJS_DEBUG_OUTPUT', 'stderr'), ('LC_IDENTIFICATION', 'en_US.UTF-8'), ('VSCODE_GIT_ASKPASS_EXTRA_ARGS', '--ms-enable-electron-run-as-node'), ('QT_IM_MODULE', 'ibus'), ('PWD', '/home/arnix/src/alfred/catkin_ws/build/app'), ('LC_ALL', 'en_US.UTF-8'), ('XDG_CONFIG_DIRS', '/etc/xdg/xdg-ubuntu:/etc/xdg'), ('XDG_DATA_DIRS', '/usr/share/ubuntu:/usr/local/share/:/usr/share/:/var/lib/snapd/desktop'), ('LC_NUMERIC', 'en_US.UTF-8'), ('LC_PAPER', 'en_US.UTF-8'), ('COLCON', '1')]), 'shell': False}
[0.008617] (hal) JobProgress: {'identifier': 'hal', 'progress': 'cmake'}
[0.008953] (hal) Command: {'cmd': ['/usr/bin/cmake', '/home/arnix/src/alfred/catkin_ws/src/hal', '-DCMAKE_EXPORT_COMPILE_COMMANDS=ON', '-DCMAKE_INSTALL_PREFIX=/home/arnix/src/alfred/catkin_ws/install/hal'], 'cwd': '/home/arnix/src/alfred/catkin_ws/build/hal', 'env': OrderedDict([('GJS_DEBUG_TOPICS', 'JS ERROR;JS LOG'), ('LESSOPEN', '| /usr/bin/lesspipe %s'), ('LANGUAGE', 'en_GB'), ('USER', 'arnix'), ('LC_TIME', 'en_US.UTF-8'), ('XDG_SESSION_TYPE', 'wayland'), ('GIT_ASKPASS', '/usr/share/code/resources/app/extensions/git/dist/askpass.sh'), ('SHLVL', '0'), ('HOME', '/home/arnix'), ('CHROME_DESKTOP', 'code-url-handler.desktop'), ('TERM_PROGRAM_VERSION', '1.67.2'), ('DESKTOP_SESSION', 'ubuntu'), ('GIO_LAUNCHED_DESKTOP_FILE', '/usr/share/applications/code.desktop'), ('GNOME_SHELL_SESSION_MODE', 'ubuntu'), ('GTK_MODULES', 'gail:atk-bridge'), ('VSCODE_GIT_ASKPASS_MAIN', '/usr/share/code/resources/app/extensions/git/dist/askpass-main.js'), ('LC_MONETARY', 'en_US.UTF-8'), ('VSCODE_GIT_ASKPASS_NODE', '/usr/share/code/code'), ('MANAGERPID', '2287'), ('SYSTEMD_EXEC_PID', '2517'), ('IM_CONFIG_CHECK_ENV', '1'), ('DBUS_SESSION_BUS_ADDRESS', 'unix:path=/run/user/1000/bus'), ('COLORTERM', 'truecolor'), ('GIO_LAUNCHED_DESKTOP_FILE_PID', '8427'), ('IM_CONFIG_PHASE', '1'), ('WAYLAND_DISPLAY', 'wayland-0'), ('LOGNAME', 'arnix'), ('_', '/usr/bin/colcon'), ('JOURNAL_STREAM', '8:36188'), ('XDG_SESSION_CLASS', 'user'), ('USERNAME', 'arnix'), ('TERM', 'xterm-256color'), ('GNOME_DESKTOP_SESSION_ID', 'this-is-deprecated'), ('PATH', '/home/arnix/.local/bin:/home/arnix/.cargo/bin:/home/arnix/.local/bin:/usr/local/sbin:/usr/local/bin:/usr/sbin:/usr/bin:/sbin:/bin:/usr/games:/usr/local/games:/snap/bin:/snap/bin'), ('SESSION_MANAGER', 'local/Faye:@/tmp/.ICE-unix/2481,unix/Faye:/tmp/.ICE-unix/2481'), ('INVOCATION_ID', 'e1f83de422ae4cda94c17dede9b81139'), ('PAPERSIZE', 'letter'), ('XDG_MENU_PREFIX', 'gnome-'), ('LC_ADDRESS', 'en_US.UTF-8'), ('GNOME_SETUP_DISPLAY', ':1'), ('XDG_RUNTIME_DIR', '/run/user/1000'), ('GDK_BACKEND', 'x11'), ('DISPLAY', ':0'), ('LANG', 'en_GB.UTF-8'), ('XDG_CURRENT_DESKTOP', 'Unity'), ('LC_TELEPHONE', 'en_US.UTF-8'), ('XMODIFIERS', '@im=ibus'), ('XDG_SESSION_DESKTOP', 'ubuntu'), ('XAUTHORITY', '/run/user/1000/.mutter-Xwaylandauth.LODKN1'), ('VSCODE_GIT_IPC_HANDLE', '/run/user/1000/vscode-git-7cffd7f28b.sock'), ('TERM_PROGRAM', 'vscode'), ('SSH_AGENT_LAUNCHER', 'gnome-keyring'), ('SSH_AUTH_SOCK', '/run/user/1000/keyring/ssh'), ('ORIGINAL_XDG_CURRENT_DESKTOP', 'ubuntu:GNOME'), ('SHELL', '/bin/bash'), ('LC_NAME', 'en_US.UTF-8'), ('QT_ACCESSIBILITY', '1'), ('GDMSESSION', 'ubuntu'), ('LESSCLOSE', '/usr/bin/lesspipe %s %s'), ('LC_MEASUREMENT', 'en_US.UTF-8'), ('GJS_DEBUG_OUTPUT', 'stderr'), ('LC_IDENTIFICATION', 'en_US.UTF-8'), ('VSCODE_GIT_ASKPASS_EXTRA_ARGS', '--ms-enable-electron-run-as-node'), ('QT_IM_MODULE', 'ibus'), ('PWD', '/home/arnix/src/alfred/catkin_ws/build/hal'), ('LC_ALL', 'en_US.UTF-8'), ('XDG_CONFIG_DIRS', '/etc/xdg/xdg-ubuntu:/etc/xdg'), ('XDG_DATA_DIRS', '/usr/share/ubuntu:/usr/local/share/:/usr/share/:/var/lib/snapd/desktop'), ('LC_NUMERIC', 'en_US.UTF-8'), ('LC_PAPER', 'en_US.UTF-8'), ('COLCON', '1')]), 'shell': False}
[0.010691] (sim) JobProgress: {'identifier': 'sim', 'progress': 'cmake'}
[0.011234] (sim) Command: {'cmd': ['/usr/bin/cmake', '/home/arnix/src/alfred/catkin_ws/src/sim', '-DCMAKE_EXPORT_COMPILE_COMMANDS=ON', '-DCATKIN_INSTALL_INTO_PREFIX_ROOT=0', '-DCATKIN_SYMLINK_INSTALL=ON', '-DCMAKE_INSTALL_PREFIX=/home/arnix/src/alfred/catkin_ws/install/sim'], 'cwd': '/home/arnix/src/alfred/catkin_ws/build/sim', 'env': OrderedDict([('GJS_DEBUG_TOPICS', 'JS ERROR;JS LOG'), ('LESSOPEN', '| /usr/bin/lesspipe %s'), ('LANGUAGE', 'en_GB'), ('USER', 'arnix'), ('LC_TIME', 'en_US.UTF-8'), ('XDG_SESSION_TYPE', 'wayland'), ('GIT_ASKPASS', '/usr/share/code/resources/app/extensions/git/dist/askpass.sh'), ('SHLVL', '0'), ('HOME', '/home/arnix'), ('CHROME_DESKTOP', 'code-url-handler.desktop'), ('TERM_PROGRAM_VERSION', '1.67.2'), ('DESKTOP_SESSION', 'ubuntu'), ('GIO_LAUNCHED_DESKTOP_FILE', '/usr/share/applications/code.desktop'), ('GNOME_SHELL_SESSION_MODE', 'ubuntu'), ('GTK_MODULES', 'gail:atk-bridge'), ('VSCODE_GIT_ASKPASS_MAIN', '/usr/share/code/resources/app/extensions/git/dist/askpass-main.js'), ('LC_MONETARY', 'en_US.UTF-8'), ('VSCODE_GIT_ASKPASS_NODE', '/usr/share/code/code'), ('MANAGERPID', '2287'), ('SYSTEMD_EXEC_PID', '2517'), ('IM_CONFIG_CHECK_ENV', '1'), ('DBUS_SESSION_BUS_ADDRESS', 'unix:path=/run/user/1000/bus'), ('COLORTERM', 'truecolor'), ('GIO_LAUNCHED_DESKTOP_FILE_PID', '8427'), ('IM_CONFIG_PHASE', '1'), ('WAYLAND_DISPLAY', 'wayland-0'), ('LOGNAME', 'arnix'), ('_', '/usr/bin/colcon'), ('JOURNAL_STREAM', '8:36188'), ('XDG_SESSION_CLASS', 'user'), ('USERNAME', 'arnix'), ('TERM', 'xterm-256color'), ('GNOME_DESKTOP_SESSION_ID', 'this-is-deprecated'), ('PATH', '/home/arnix/.local/bin:/home/arnix/.cargo/bin:/home/arnix/.local/bin:/usr/local/sbin:/usr/local/bin:/usr/sbin:/usr/bin:/sbin:/bin:/usr/games:/usr/local/games:/snap/bin:/snap/bin'), ('SESSION_MANAGER', 'local/Faye:@/tmp/.ICE-unix/2481,unix/Faye:/tmp/.ICE-unix/2481'), ('INVOCATION_ID', 'e1f83de422ae4cda94c17dede9b81139'), ('PAPERSIZE', 'letter'), ('XDG_MENU_PREFIX', 'gnome-'), ('LC_ADDRESS', 'en_US.UTF-8'), ('GNOME_SETUP_DISPLAY', ':1'), ('XDG_RUNTIME_DIR', '/run/user/1000'), ('GDK_BACKEND', 'x11'), ('DISPLAY', ':0'), ('LANG', 'en_GB.UTF-8'), ('XDG_CURRENT_DESKTOP', 'Unity'), ('LC_TELEPHONE', 'en_US.UTF-8'), ('XMODIFIERS', '@im=ibus'), ('XDG_SESSION_DESKTOP', 'ubuntu'), ('XAUTHORITY', '/run/user/1000/.mutter-Xwaylandauth.LODKN1'), ('VSCODE_GIT_IPC_HANDLE', '/run/user/1000/vscode-git-7cffd7f28b.sock'), ('TERM_PROGRAM', 'vscode'), ('SSH_AGENT_LAUNCHER', 'gnome-keyring'), ('SSH_AUTH_SOCK', '/run/user/1000/keyring/ssh'), ('ORIGINAL_XDG_CURRENT_DESKTOP', 'ubuntu:GNOME'), ('SHELL', '/bin/bash'), ('LC_NAME', 'en_US.UTF-8'), ('QT_ACCESSIBILITY', '1'), ('GDMSESSION', 'ubuntu'), ('LESSCLOSE', '/usr/bin/lesspipe %s %s'), ('LC_MEASUREMENT', 'en_US.UTF-8'), ('GJS_DEBUG_OUTPUT', 'stderr'), ('LC_IDENTIFICATION', 'en_US.UTF-8'), ('VSCODE_GIT_ASKPASS_EXTRA_ARGS', '--ms-enable-electron-run-as-node'), ('QT_IM_MODULE', 'ibus'), ('PWD', '/home/arnix/src/alfred/catkin_ws/build/sim'), ('LC_ALL', 'en_US.UTF-8'), ('XDG_CONFIG_DIRS', '/etc/xdg/xdg-ubuntu:/etc/xdg'), ('XDG_DATA_DIRS', '/usr/share/ubuntu:/usr/local/share/:/usr/share/:/var/lib/snapd/desktop'), ('LC_NUMERIC', 'en_US.UTF-8'), ('LC_PAPER', 'en_US.UTF-8'), ('COLCON', '1')]), 'shell': False}
[0.013019] (hal) StderrLine: {'line': b'\x1b[33mCMake Warning (dev) in CMakeLists.txt:\n'}
[0.013146] (hal) StderrLine: {'line': b'  No project() command is present.  The top-level CMakeLists.txt file must\n'}
[0.013224] (hal) StderrLine: {'line': b'  contain a literal, direct call to the project() command.  Add a line of\n'}
[0.013295] (hal) StderrLine: {'line': b'  code such as\n'}
[0.013366] (hal) StderrLine: {'line': b'\n'}
[0.013436] (hal) StderrLine: {'line': b'    project(ProjectName)\n'}
[0.013503] (hal) StderrLine: {'line': b'\n'}
[0.013571] (hal) StderrLine: {'line': b'  near the top of the file, but after cmake_minimum_required().\n'}
[0.013640] (hal) StderrLine: {'line': b'\n'}
[0.013709] (hal) StderrLine: {'line': b'  CMake is pretending there is a "project(Project)" command on the first\n'}
[0.013774] (hal) StderrLine: {'line': b'  line.\n'}
[0.013842] (hal) StderrLine: {'line': b'This warning is for project developers.  Use -Wno-dev to suppress it.\n'}
[0.013907] (hal) StderrLine: {'line': b'\x1b[0m\n'}
[0.022363] (app) StderrLine: {'line': b'\x1b[31mCMake Error at CMakeLists.txt:8 (find_package):\n'}
[0.022545] (app) StderrLine: {'line': b'  By not providing "Findcatkin.cmake" in CMAKE_MODULE_PATH this project has\n'}
[0.022624] (app) StderrLine: {'line': b'  asked CMake to find a package configuration file provided by "catkin", but\n'}
[0.022715] (app) StderrLine: {'line': b'  CMake did not find one.\n'}
[0.022807] (app) StderrLine: {'line': b'\n'}
[0.022866] (app) StderrLine: {'line': b'  Could not find a package configuration file provided by "catkin" with any\n'}
[0.022923] (app) StderrLine: {'line': b'  of the following names:\n'}
[0.022981] (app) StderrLine: {'line': b'\n'}
[0.023038] (app) StderrLine: {'line': b'    catkinConfig.cmake\n'}
[0.023096] (app) StderrLine: {'line': b'    catkin-config.cmake\n'}
[0.023153] (app) StderrLine: {'line': b'\n'}
[0.023209] (app) StderrLine: {'line': b'  Add the installation prefix of "catkin" to CMAKE_PREFIX_PATH or set\n'}
[0.023271] (app) StderrLine: {'line': b'  "catkin_DIR" to a directory containing one of the above files.  If "catkin"\n'}
[0.023329] (app) StderrLine: {'line': b'  provides a separate development package or SDK, be sure it has been\n'}
[0.023387] (app) StderrLine: {'line': b'  installed.\n'}
[0.023452] (app) StderrLine: {'line': b'\n'}
[0.023695] (app) StderrLine: {'line': b'\x1b[0m\n'}
[0.024034] (app) StdoutLine: {'line': b'-- Configuring incomplete, errors occurred!\n'}
[0.024236] (app) StdoutLine: {'line': b'See also "/home/arnix/src/alfred/catkin_ws/build/app/CMakeFiles/CMakeOutput.log".\n'}
[0.024340] (app) CommandEnded: {'returncode': 1}
[0.025044] (sim) StderrLine: {'line': b'\x1b[31mCMake Error at CMakeLists.txt:8 (find_package):\n'}
[0.025545] (sim) StderrLine: {'line': b'  By not providing "Findcatkin.cmake" in CMAKE_MODULE_PATH this project has\n'}
[0.025681] (sim) StderrLine: {'line': b'  asked CMake to find a package configuration file provided by "catkin", but\n'}
[0.025859] (sim) StderrLine: {'line': b'  CMake did not find one.\n'}
[0.026097] (sim) StderrLine: {'line': b'\n'}
[0.026450] (sim) StderrLine: {'line': b'  Could not find a package configuration file provided by "catkin" with any\n'}
[0.026930] (sim) StderrLine: {'line': b'  of the following names:\n'}
[0.027128] (sim) StderrLine: {'line': b'\n'}
[0.027487] (sim) StderrLine: {'line': b'    catkinConfig.cmake\n'}
[0.027601] (sim) StderrLine: {'line': b'    catkin-config.cmake\n'}
[0.027723] (sim) StderrLine: {'line': b'\n'}
[0.027785] (sim) StderrLine: {'line': b'  Add the installation prefix of "catkin" to CMAKE_PREFIX_PATH or set\n'}
[0.027849] (sim) StderrLine: {'line': b'  "catkin_DIR" to a directory containing one of the above files.  If "catkin"\n'}
[0.027913] (sim) StderrLine: {'line': b'  provides a separate development package or SDK, be sure it has been\n'}
[0.027973] (sim) StderrLine: {'line': b'  installed.\n'}
[0.028035] (sim) StderrLine: {'line': b'\n'}
[0.028097] (sim) StderrLine: {'line': b'\x1b[0m\n'}
[0.028159] (sim) StdoutLine: {'line': b'-- Configuring incomplete, errors occurred!\n'}
[0.028237] (sim) StdoutLine: {'line': b'See also "/home/arnix/src/alfred/catkin_ws/build/sim/CMakeFiles/CMakeOutput.log".\n'}
[0.028300] (hal) StdoutLine: {'line': b'-- Configuring incomplete, errors occurred!\n'}
[0.028370] (hal) StdoutLine: {'line': b'See also "/home/arnix/src/alfred/catkin_ws/build/hal/CMakeFiles/CMakeOutput.log".\n'}
[0.028432] (hal) StderrLine: {'line': b'\x1b[31mCMake Error at hal_pigpio/CMakeLists.txt:8 (find_package):\n'}
[0.028495] (hal) StderrLine: {'line': b'  By not providing "Findcatkin.cmake" in CMAKE_MODULE_PATH this project has\n'}
[0.028558] (hal) StderrLine: {'line': b'  asked CMake to find a package configuration file provided by "catkin", but\n'}
[0.028617] (hal) StderrLine: {'line': b'  CMake did not find one.\n'}
[0.028677] (hal) StderrLine: {'line': b'\n'}
[0.028737] (hal) StderrLine: {'line': b'  Could not find a package configuration file provided by "catkin" with any\n'}
[0.028796] (hal) StderrLine: {'line': b'  of the following names:\n'}
[0.028856] (hal) StderrLine: {'line': b'\n'}
[0.028916] (hal) StderrLine: {'line': b'    catkinConfig.cmake\n'}
[0.028980] (hal) StderrLine: {'line': b'    catkin-config.cmake\n'}
[0.029045] (hal) StderrLine: {'line': b'\n'}
[0.029113] (hal) StderrLine: {'line': b'  Add the installation prefix of "catkin" to CMAKE_PREFIX_PATH or set\n'}
[0.029182] (hal) StderrLine: {'line': b'  "catkin_DIR" to a directory containing one of the above files.  If "catkin"\n'}
[0.029250] (hal) StderrLine: {'line': b'  provides a separate development package or SDK, be sure it has been\n'}
[0.029315] (hal) StderrLine: {'line': b'  installed.\n'}
[0.029382] (hal) StderrLine: {'line': b'\n'}
[0.029451] (hal) StderrLine: {'line': b'\x1b[0m\n'}
[0.029520] (sim) CommandEnded: {'returncode': 1}
[0.029830] (hal) CommandEnded: {'returncode': 1}
[0.030050] (hal) JobEnded: {'identifier': 'hal', 'rc': 1}
[0.030272] (sim) JobEnded: {'identifier': 'sim', 'rc': 'SIGINT'}
[0.031728] (app) JobEnded: {'identifier': 'app', 'rc': 'SIGINT'}
[0.042266] (-) EventReactorShutdown: {}
