[0.007s] Invoking command in '/home/arnix/src/alfred/catkin_ws/build/hal': /usr/bin/cmake /home/arnix/src/alfred/catkin_ws/src/hal -DCMAKE_EXPORT_COMPILE_COMMANDS=ON -DCMAKE_INSTALL_PREFIX=/home/arnix/src/alfred/catkin_ws/install/hal
[0.020s] [33mCMake Warning (dev) in CMakeLists.txt:
[0.021s]   No project() command is present.  The top-level CMakeLists.txt file must
[0.021s]   contain a literal, direct call to the project() command.  Add a line of
[0.021s]   code such as
[0.021s] 
[0.021s]     project(ProjectName)
[0.021s] 
[0.021s]   near the top of the file, but after cmake_minimum_required().
[0.021s] 
[0.021s]   CMake is pretending there is a "project(Project)" command on the first
[0.021s]   line.
[0.021s] This warning is for project developers.  Use -Wno-dev to suppress it.
[0.021s] [0m
[0.078s] -- The C compiler identification is GNU 11.2.0
[0.137s] -- The CXX compiler identification is GNU 11.2.0
[0.143s] -- Detecting C compiler ABI info
[0.182s] -- Detecting C compiler ABI info - done
[0.187s] -- Check for working C compiler: /usr/bin/cc - skipped
[0.187s] -- Detecting C compile features
[0.188s] -- Detecting C compile features - done
[0.191s] -- Detecting CXX compiler ABI info
[0.243s] -- Detecting CXX compiler ABI info - done
[0.254s] -- Check for working CXX compiler: /usr/bin/c++ - skipped
[0.255s] -- Detecting CXX compile features
[0.256s] -- Detecting CXX compile features - done
[0.266s] [31mCMake Error at hal_pigpio/CMakeLists.txt:8 (find_package):
[0.266s]   By not providing "Findcatkin.cmake" in CMAKE_MODULE_PATH this project has
[0.266s]   asked CMake to find a package configuration file provided by "catkin", but
[0.266s]   CMake did not find one.
[0.266s] 
[0.266s]   Could not find a package configuration file provided by "catkin" with any
[0.266s]   of the following names:
[0.266s] 
[0.266s]     catkinConfig.cmake
[0.266s]     catkin-config.cmake
[0.266s] 
[0.266s]   Add the installation prefix of "catkin" to CMAKE_PREFIX_PATH or set
[0.266s]   "catkin_DIR" to a directory containing one of the above files.  If "catkin"
[0.266s]   provides a separate development package or SDK, be sure it has been
[0.266s]   installed.
[0.267s] 
[0.267s] [0m
[0.267s] -- Configuring incomplete, errors occurred!
[0.267s] See also "/home/arnix/src/alfred/catkin_ws/build/hal/CMakeFiles/CMakeOutput.log".
