[0.034s] Invoking command in '/home/arnix/src/alfred/catkin_ws/build/hal': /usr/bin/cmake /home/arnix/src/alfred/catkin_ws/src/hal -DCMAKE_EXPORT_COMPILE_COMMANDS=ON -DCMAKE_INSTALL_PREFIX=/home/arnix/src/alfred/catkin_ws/install/hal
[0.044s] [33mCMake Warning (dev) in CMakeLists.txt:
[0.044s]   No project() command is present.  The top-level CMakeLists.txt file must
[0.045s]   contain a literal, direct call to the project() command.  Add a line of
[0.045s]   code such as
[0.045s] 
[0.045s]     project(ProjectName)
[0.045s] 
[0.046s]   near the top of the file, but after cmake_minimum_required().
[0.046s] 
[0.046s]   CMake is pretending there is a "project(Project)" command on the first
[0.046s]   line.
[0.047s] This warning is for project developers.  Use -Wno-dev to suppress it.
[0.047s] [0m
[0.096s] [31mCMake Error at hal_pigpio/CMakeLists.txt:8 (find_package):
[0.096s]   By not providing "Findcatkin.cmake" in CMAKE_MODULE_PATH this project has
[0.097s]   asked CMake to find a package configuration file provided by "catkin", but
[0.098s]   CMake did not find one.
[0.098s] 
[0.099s]   Could not find a package configuration file provided by "catkin" with any
[0.100s]   of the following names:
[0.101s] 
[0.102s]     catkinConfig.cmake
[0.102s]     catkin-config.cmake
[0.102s] 
[0.102s]   Add the installation prefix of "catkin" to CMAKE_PREFIX_PATH or set
[0.102s]   "catkin_DIR" to a directory containing one of the above files.  If "catkin"
[0.103s]   provides a separate development package or SDK, be sure it has been
[0.103s]   installed.
[0.103s] 
[0.103s] [0m
[0.103s] -- Configuring incomplete, errors occurred!
[0.103s] See also "/home/arnix/src/alfred/catkin_ws/build/hal/CMakeFiles/CMakeOutput.log".
[0.104s] Invoked command in '/home/arnix/src/alfred/catkin_ws/build/hal' returned '1': /usr/bin/cmake /home/arnix/src/alfred/catkin_ws/src/hal -DCMAKE_EXPORT_COMPILE_COMMANDS=ON -DCMAKE_INSTALL_PREFIX=/home/arnix/src/alfred/catkin_ws/install/hal
