[0.000000] (-) TimerEvent: {}
[0.001185] (app) JobQueued: {'identifier': 'app', 'dependencies': OrderedDict()}
[0.001963] (hal) JobQueued: {'identifier': 'hal', 'dependencies': OrderedDict()}
[0.002179] (sim) JobQueued: {'identifier': 'sim', 'dependencies': OrderedDict()}
[0.002234] (app) JobStarted: {'identifier': 'app'}
[0.015188] (hal) JobStarted: {'identifier': 'hal'}
[0.022260] (sim) JobStarted: {'identifier': 'sim'}
[0.034645] (app) JobProgress: {'identifier': 'app', 'progress': 'cmake'}
[0.035639] (app) Command: {'cmd': ['/usr/bin/cmake', '/home/arnix/src/alfred/catkin_ws/src/app', '-DCMAKE_EXPORT_COMPILE_COMMANDS=ON', '-DCATKIN_INSTALL_INTO_PREFIX_ROOT=0', '-DCATKIN_SYMLINK_INSTALL=ON', '-DCMAKE_INSTALL_PREFIX=/home/arnix/src/alfred/catkin_ws/install/app'], 'cwd': '/home/arnix/src/alfred/catkin_ws/build/app', 'env': OrderedDict([('GJS_DEBUG_TOPICS', 'JS ERROR;JS LOG'), ('LESSOPEN', '| /usr/bin/lesspipe %s'), ('LANGUAGE', 'en_GB'), ('USER', 'arnix'), ('LC_TIME', 'en_US.UTF-8'), ('XDG_SESSION_TYPE', 'wayland'), ('GIT_ASKPASS', '/usr/share/code/resources/app/extensions/git/dist/askpass.sh'), ('SHLVL', '0'), ('LD_LIBRARY_PATH', '/opt/ros/humble/opt/rviz_ogre_vendor/lib:/opt/ros/humble/lib/x86_64-linux-gnu:/opt/ros/humble/lib'), ('HOME', '/home/arnix'), ('CHROME_DESKTOP', 'code-url-handler.desktop'), ('TERM_PROGRAM_VERSION', '1.68.1'), ('DESKTOP_SESSION', 'ubuntu'), ('GIO_LAUNCHED_DESKTOP_FILE', '/usr/share/applications/code.desktop'), ('ROS_PYTHON_VERSION', '3'), ('GNOME_SHELL_SESSION_MODE', 'ubuntu'), ('GTK_MODULES', 'gail:atk-bridge'), ('VSCODE_GIT_ASKPASS_MAIN', '/usr/share/code/resources/app/extensions/git/dist/askpass-main.js'), ('LC_MONETARY', 'en_US.UTF-8'), ('VSCODE_GIT_ASKPASS_NODE', '/usr/share/code/code'), ('MANAGERPID', '2190'), ('SYSTEMD_EXEC_PID', '2389'), ('IM_CONFIG_CHECK_ENV', '1'), ('DBUS_SESSION_BUS_ADDRESS', 'unix:path=/run/user/1000/bus'), ('COLORTERM', 'truecolor'), ('GIO_LAUNCHED_DESKTOP_FILE_PID', '8459'), ('_colcon_cd_root', '/opt/ros/humble/'), ('IM_CONFIG_PHASE', '1'), ('WAYLAND_DISPLAY', 'wayland-0'), ('ROS_DISTRO', 'humble'), ('LOGNAME', 'arnix'), ('_', '/usr/bin/colcon'), ('JOURNAL_STREAM', '8:27587'), ('ROS_VERSION', '2'), ('XDG_SESSION_CLASS', 'user'), ('USERNAME', 'arnix'), ('TERM', 'xterm-256color'), ('GNOME_DESKTOP_SESSION_ID', 'this-is-deprecated'), ('ROS_LOCALHOST_ONLY', '0'), ('PATH', '/home/arnix/.local/bin:/opt/ros/humble/bin:/home/arnix/.cargo/bin:/home/arnix/.local/bin:/usr/local/sbin:/usr/local/bin:/usr/sbin:/usr/bin:/sbin:/bin:/usr/games:/usr/local/games:/snap/bin:/snap/bin'), ('SESSION_MANAGER', 'local/Faye:@/tmp/.ICE-unix/2358,unix/Faye:/tmp/.ICE-unix/2358'), ('INVOCATION_ID', 'a1024d84631f49c28e418a1f9a1cdc0d'), ('PAPERSIZE', 'letter'), ('XDG_MENU_PREFIX', 'gnome-'), ('LC_ADDRESS', 'en_US.UTF-8'), ('GNOME_SETUP_DISPLAY', ':1'), ('XDG_RUNTIME_DIR', '/run/user/1000'), ('GDK_BACKEND', 'x11'), ('DISPLAY', ':0'), ('LANG', 'en_GB.UTF-8'), ('XDG_CURRENT_DESKTOP', 'Unity'), ('LC_TELEPHONE', 'en_US.UTF-8'), ('XMODIFIERS', '@im=ibus'), ('XDG_SESSION_DESKTOP', 'ubuntu'), ('XAUTHORITY', '/run/user/1000/.mutter-Xwaylandauth.Q798N1'), ('VSCODE_GIT_IPC_HANDLE', '/run/user/1000/vscode-git-7cffd7f28b.sock'), ('TERM_PROGRAM', 'vscode'), ('SSH_AGENT_LAUNCHER', 'gnome-keyring'), ('SSH_AUTH_SOCK', '/run/user/1000/keyring/ssh'), ('AMENT_PREFIX_PATH', '/opt/ros/humble'), ('ORIGINAL_XDG_CURRENT_DESKTOP', 'ubuntu:GNOME'), ('SHELL', '/bin/bash'), ('LC_NAME', 'en_US.UTF-8'), ('QT_ACCESSIBILITY', '1'), ('GDMSESSION', 'ubuntu'), ('LESSCLOSE', '/usr/bin/lesspipe %s %s'), ('LC_MEASUREMENT', 'en_US.UTF-8'), ('GJS_DEBUG_OUTPUT', 'stderr'), ('LC_IDENTIFICATION', 'en_US.UTF-8'), ('VSCODE_GIT_ASKPASS_EXTRA_ARGS', '--ms-enable-electron-run-as-node'), ('QT_IM_MODULE', 'ibus'), ('PWD', '/home/arnix/src/alfred/catkin_ws/build/app'), ('LC_ALL', 'en_US.UTF-8'), ('XDG_CONFIG_DIRS', '/etc/xdg/xdg-ubuntu:/etc/xdg'), ('XDG_DATA_DIRS', '/usr/share/ubuntu:/usr/local/share/:/usr/share/:/var/lib/snapd/desktop'), ('PYTHONPATH', '/opt/ros/humble/lib/python3.10/site-packages:/opt/ros/humble/local/lib/python3.10/dist-packages'), ('LC_NUMERIC', 'en_US.UTF-8'), ('LC_PAPER', 'en_US.UTF-8'), ('COLCON', '1')]), 'shell': False}
[0.044014] (hal) JobProgress: {'identifier': 'hal', 'progress': 'cmake'}
[0.045692] (hal) Command: {'cmd': ['/usr/bin/cmake', '/home/arnix/src/alfred/catkin_ws/src/hal', '-DCMAKE_EXPORT_COMPILE_COMMANDS=ON', '-DCMAKE_INSTALL_PREFIX=/home/arnix/src/alfred/catkin_ws/install/hal'], 'cwd': '/home/arnix/src/alfred/catkin_ws/build/hal', 'env': OrderedDict([('GJS_DEBUG_TOPICS', 'JS ERROR;JS LOG'), ('LESSOPEN', '| /usr/bin/lesspipe %s'), ('LANGUAGE', 'en_GB'), ('USER', 'arnix'), ('LC_TIME', 'en_US.UTF-8'), ('XDG_SESSION_TYPE', 'wayland'), ('GIT_ASKPASS', '/usr/share/code/resources/app/extensions/git/dist/askpass.sh'), ('SHLVL', '0'), ('LD_LIBRARY_PATH', '/opt/ros/humble/opt/rviz_ogre_vendor/lib:/opt/ros/humble/lib/x86_64-linux-gnu:/opt/ros/humble/lib'), ('HOME', '/home/arnix'), ('CHROME_DESKTOP', 'code-url-handler.desktop'), ('TERM_PROGRAM_VERSION', '1.68.1'), ('DESKTOP_SESSION', 'ubuntu'), ('GIO_LAUNCHED_DESKTOP_FILE', '/usr/share/applications/code.desktop'), ('ROS_PYTHON_VERSION', '3'), ('GNOME_SHELL_SESSION_MODE', 'ubuntu'), ('GTK_MODULES', 'gail:atk-bridge'), ('VSCODE_GIT_ASKPASS_MAIN', '/usr/share/code/resources/app/extensions/git/dist/askpass-main.js'), ('LC_MONETARY', 'en_US.UTF-8'), ('VSCODE_GIT_ASKPASS_NODE', '/usr/share/code/code'), ('MANAGERPID', '2190'), ('SYSTEMD_EXEC_PID', '2389'), ('IM_CONFIG_CHECK_ENV', '1'), ('DBUS_SESSION_BUS_ADDRESS', 'unix:path=/run/user/1000/bus'), ('COLORTERM', 'truecolor'), ('GIO_LAUNCHED_DESKTOP_FILE_PID', '8459'), ('_colcon_cd_root', '/opt/ros/humble/'), ('IM_CONFIG_PHASE', '1'), ('WAYLAND_DISPLAY', 'wayland-0'), ('ROS_DISTRO', 'humble'), ('LOGNAME', 'arnix'), ('_', '/usr/bin/colcon'), ('JOURNAL_STREAM', '8:27587'), ('ROS_VERSION', '2'), ('XDG_SESSION_CLASS', 'user'), ('USERNAME', 'arnix'), ('TERM', 'xterm-256color'), ('GNOME_DESKTOP_SESSION_ID', 'this-is-deprecated'), ('ROS_LOCALHOST_ONLY', '0'), ('PATH', '/home/arnix/.local/bin:/opt/ros/humble/bin:/home/arnix/.cargo/bin:/home/arnix/.local/bin:/usr/local/sbin:/usr/local/bin:/usr/sbin:/usr/bin:/sbin:/bin:/usr/games:/usr/local/games:/snap/bin:/snap/bin'), ('SESSION_MANAGER', 'local/Faye:@/tmp/.ICE-unix/2358,unix/Faye:/tmp/.ICE-unix/2358'), ('INVOCATION_ID', 'a1024d84631f49c28e418a1f9a1cdc0d'), ('PAPERSIZE', 'letter'), ('XDG_MENU_PREFIX', 'gnome-'), ('LC_ADDRESS', 'en_US.UTF-8'), ('GNOME_SETUP_DISPLAY', ':1'), ('XDG_RUNTIME_DIR', '/run/user/1000'), ('GDK_BACKEND', 'x11'), ('DISPLAY', ':0'), ('LANG', 'en_GB.UTF-8'), ('XDG_CURRENT_DESKTOP', 'Unity'), ('LC_TELEPHONE', 'en_US.UTF-8'), ('XMODIFIERS', '@im=ibus'), ('XDG_SESSION_DESKTOP', 'ubuntu'), ('XAUTHORITY', '/run/user/1000/.mutter-Xwaylandauth.Q798N1'), ('VSCODE_GIT_IPC_HANDLE', '/run/user/1000/vscode-git-7cffd7f28b.sock'), ('TERM_PROGRAM', 'vscode'), ('SSH_AGENT_LAUNCHER', 'gnome-keyring'), ('SSH_AUTH_SOCK', '/run/user/1000/keyring/ssh'), ('AMENT_PREFIX_PATH', '/opt/ros/humble'), ('ORIGINAL_XDG_CURRENT_DESKTOP', 'ubuntu:GNOME'), ('SHELL', '/bin/bash'), ('LC_NAME', 'en_US.UTF-8'), ('QT_ACCESSIBILITY', '1'), ('GDMSESSION', 'ubuntu'), ('LESSCLOSE', '/usr/bin/lesspipe %s %s'), ('LC_MEASUREMENT', 'en_US.UTF-8'), ('GJS_DEBUG_OUTPUT', 'stderr'), ('LC_IDENTIFICATION', 'en_US.UTF-8'), ('VSCODE_GIT_ASKPASS_EXTRA_ARGS', '--ms-enable-electron-run-as-node'), ('QT_IM_MODULE', 'ibus'), ('PWD', '/home/arnix/src/alfred/catkin_ws/build/hal'), ('LC_ALL', 'en_US.UTF-8'), ('XDG_CONFIG_DIRS', '/etc/xdg/xdg-ubuntu:/etc/xdg'), ('XDG_DATA_DIRS', '/usr/share/ubuntu:/usr/local/share/:/usr/share/:/var/lib/snapd/desktop'), ('PYTHONPATH', '/opt/ros/humble/lib/python3.10/site-packages:/opt/ros/humble/local/lib/python3.10/dist-packages'), ('LC_NUMERIC', 'en_US.UTF-8'), ('LC_PAPER', 'en_US.UTF-8'), ('COLCON', '1')]), 'shell': False}
[0.052804] (sim) JobProgress: {'identifier': 'sim', 'progress': 'cmake'}
[0.054030] (sim) Command: {'cmd': ['/usr/bin/cmake', '/home/arnix/src/alfred/catkin_ws/src/sim', '-DCMAKE_EXPORT_COMPILE_COMMANDS=ON', '-DCATKIN_INSTALL_INTO_PREFIX_ROOT=0', '-DCATKIN_SYMLINK_INSTALL=ON', '-DCMAKE_INSTALL_PREFIX=/home/arnix/src/alfred/catkin_ws/install/sim'], 'cwd': '/home/arnix/src/alfred/catkin_ws/build/sim', 'env': OrderedDict([('GJS_DEBUG_TOPICS', 'JS ERROR;JS LOG'), ('LESSOPEN', '| /usr/bin/lesspipe %s'), ('LANGUAGE', 'en_GB'), ('USER', 'arnix'), ('LC_TIME', 'en_US.UTF-8'), ('XDG_SESSION_TYPE', 'wayland'), ('GIT_ASKPASS', '/usr/share/code/resources/app/extensions/git/dist/askpass.sh'), ('SHLVL', '0'), ('LD_LIBRARY_PATH', '/opt/ros/humble/opt/rviz_ogre_vendor/lib:/opt/ros/humble/lib/x86_64-linux-gnu:/opt/ros/humble/lib'), ('HOME', '/home/arnix'), ('CHROME_DESKTOP', 'code-url-handler.desktop'), ('TERM_PROGRAM_VERSION', '1.68.1'), ('DESKTOP_SESSION', 'ubuntu'), ('GIO_LAUNCHED_DESKTOP_FILE', '/usr/share/applications/code.desktop'), ('ROS_PYTHON_VERSION', '3'), ('GNOME_SHELL_SESSION_MODE', 'ubuntu'), ('GTK_MODULES', 'gail:atk-bridge'), ('VSCODE_GIT_ASKPASS_MAIN', '/usr/share/code/resources/app/extensions/git/dist/askpass-main.js'), ('LC_MONETARY', 'en_US.UTF-8'), ('VSCODE_GIT_ASKPASS_NODE', '/usr/share/code/code'), ('MANAGERPID', '2190'), ('SYSTEMD_EXEC_PID', '2389'), ('IM_CONFIG_CHECK_ENV', '1'), ('DBUS_SESSION_BUS_ADDRESS', 'unix:path=/run/user/1000/bus'), ('COLORTERM', 'truecolor'), ('GIO_LAUNCHED_DESKTOP_FILE_PID', '8459'), ('_colcon_cd_root', '/opt/ros/humble/'), ('IM_CONFIG_PHASE', '1'), ('WAYLAND_DISPLAY', 'wayland-0'), ('ROS_DISTRO', 'humble'), ('LOGNAME', 'arnix'), ('_', '/usr/bin/colcon'), ('JOURNAL_STREAM', '8:27587'), ('ROS_VERSION', '2'), ('XDG_SESSION_CLASS', 'user'), ('USERNAME', 'arnix'), ('TERM', 'xterm-256color'), ('GNOME_DESKTOP_SESSION_ID', 'this-is-deprecated'), ('ROS_LOCALHOST_ONLY', '0'), ('PATH', '/home/arnix/.local/bin:/opt/ros/humble/bin:/home/arnix/.cargo/bin:/home/arnix/.local/bin:/usr/local/sbin:/usr/local/bin:/usr/sbin:/usr/bin:/sbin:/bin:/usr/games:/usr/local/games:/snap/bin:/snap/bin'), ('SESSION_MANAGER', 'local/Faye:@/tmp/.ICE-unix/2358,unix/Faye:/tmp/.ICE-unix/2358'), ('INVOCATION_ID', 'a1024d84631f49c28e418a1f9a1cdc0d'), ('PAPERSIZE', 'letter'), ('XDG_MENU_PREFIX', 'gnome-'), ('LC_ADDRESS', 'en_US.UTF-8'), ('GNOME_SETUP_DISPLAY', ':1'), ('XDG_RUNTIME_DIR', '/run/user/1000'), ('GDK_BACKEND', 'x11'), ('DISPLAY', ':0'), ('LANG', 'en_GB.UTF-8'), ('XDG_CURRENT_DESKTOP', 'Unity'), ('LC_TELEPHONE', 'en_US.UTF-8'), ('XMODIFIERS', '@im=ibus'), ('XDG_SESSION_DESKTOP', 'ubuntu'), ('XAUTHORITY', '/run/user/1000/.mutter-Xwaylandauth.Q798N1'), ('VSCODE_GIT_IPC_HANDLE', '/run/user/1000/vscode-git-7cffd7f28b.sock'), ('TERM_PROGRAM', 'vscode'), ('SSH_AGENT_LAUNCHER', 'gnome-keyring'), ('SSH_AUTH_SOCK', '/run/user/1000/keyring/ssh'), ('AMENT_PREFIX_PATH', '/opt/ros/humble'), ('ORIGINAL_XDG_CURRENT_DESKTOP', 'ubuntu:GNOME'), ('SHELL', '/bin/bash'), ('LC_NAME', 'en_US.UTF-8'), ('QT_ACCESSIBILITY', '1'), ('GDMSESSION', 'ubuntu'), ('LESSCLOSE', '/usr/bin/lesspipe %s %s'), ('LC_MEASUREMENT', 'en_US.UTF-8'), ('GJS_DEBUG_OUTPUT', 'stderr'), ('LC_IDENTIFICATION', 'en_US.UTF-8'), ('VSCODE_GIT_ASKPASS_EXTRA_ARGS', '--ms-enable-electron-run-as-node'), ('QT_IM_MODULE', 'ibus'), ('PWD', '/home/arnix/src/alfred/catkin_ws/build/sim'), ('LC_ALL', 'en_US.UTF-8'), ('XDG_CONFIG_DIRS', '/etc/xdg/xdg-ubuntu:/etc/xdg'), ('XDG_DATA_DIRS', '/usr/share/ubuntu:/usr/local/share/:/usr/share/:/var/lib/snapd/desktop'), ('PYTHONPATH', '/opt/ros/humble/lib/python3.10/site-packages:/opt/ros/humble/local/lib/python3.10/dist-packages'), ('LC_NUMERIC', 'en_US.UTF-8'), ('LC_PAPER', 'en_US.UTF-8'), ('COLCON', '1')]), 'shell': False}
[0.060407] (hal) StderrLine: {'line': b'\x1b[33mCMake Warning (dev) in CMakeLists.txt:\n'}
[0.060798] (hal) StderrLine: {'line': b'  No project() command is present.  The top-level CMakeLists.txt file must\n'}
[0.061037] (hal) StderrLine: {'line': b'  contain a literal, direct call to the project() command.  Add a line of\n'}
[0.061235] (hal) StderrLine: {'line': b'  code such as\n'}
[0.061446] (hal) StderrLine: {'line': b'\n'}
[0.061662] (hal) StderrLine: {'line': b'    project(ProjectName)\n'}
[0.061835] (hal) StderrLine: {'line': b'\n'}
[0.062023] (hal) StderrLine: {'line': b'  near the top of the file, but after cmake_minimum_required().\n'}
[0.062302] (hal) StderrLine: {'line': b'\n'}
[0.062529] (hal) StderrLine: {'line': b'  CMake is pretending there is a "project(Project)" command on the first\n'}
[0.062751] (hal) StderrLine: {'line': b'  line.\n'}
[0.062965] (hal) StderrLine: {'line': b'This warning is for project developers.  Use -Wno-dev to suppress it.\n'}
[0.063181] (hal) StderrLine: {'line': b'\x1b[0m\n'}
[0.099148] (sim) StderrLine: {'line': b'\x1b[31mCMake Error at CMakeLists.txt:8 (find_package):\n'}
[0.099587] (-) TimerEvent: {}
[0.099805] (sim) StderrLine: {'line': b'  By not providing "Findcatkin.cmake" in CMAKE_MODULE_PATH this project has\n'}
[0.099998] (sim) StderrLine: {'line': b'  asked CMake to find a package configuration file provided by "catkin", but\n'}
[0.100142] (sim) StderrLine: {'line': b'  CMake did not find one.\n'}
[0.100322] (sim) StderrLine: {'line': b'\n'}
[0.100461] (sim) StderrLine: {'line': b'  Could not find a package configuration file provided by "catkin" with any\n'}
[0.100599] (sim) StderrLine: {'line': b'  of the following names:\n'}
[0.100723] (sim) StderrLine: {'line': b'\n'}
[0.100849] (sim) StderrLine: {'line': b'    catkinConfig.cmake\n'}
[0.101008] (sim) StderrLine: {'line': b'    catkin-config.cmake\n'}
[0.101159] (sim) StderrLine: {'line': b'\n'}
[0.101326] (sim) StderrLine: {'line': b'  Add the installation prefix of "catkin" to CMAKE_PREFIX_PATH or set\n'}
[0.101488] (sim) StderrLine: {'line': b'  "catkin_DIR" to a directory containing one of the above files.  If "catkin"\n'}
[0.101614] (sim) StderrLine: {'line': b'  provides a separate development package or SDK, be sure it has been\n'}
[0.101757] (sim) StderrLine: {'line': b'  installed.\n'}
[0.101916] (sim) StderrLine: {'line': b'\n'}
[0.102031] (sim) StderrLine: {'line': b'\x1b[0m\n'}
[0.102138] (sim) StdoutLine: {'line': b'-- Configuring incomplete, errors occurred!\n'}
[0.102306] (sim) StdoutLine: {'line': b'See also "/home/arnix/src/alfred/catkin_ws/build/sim/CMakeFiles/CMakeOutput.log".\n'}
[0.103349] (sim) CommandEnded: {'returncode': 1}
[0.108655] (app) StderrLine: {'line': b'\x1b[31mCMake Error at CMakeLists.txt:8 (find_package):\n'}
[0.109212] (app) StderrLine: {'line': b'  By not providing "Findcatkin.cmake" in CMAKE_MODULE_PATH this project has\n'}
[0.109395] (app) StderrLine: {'line': b'  asked CMake to find a package configuration file provided by "catkin", but\n'}
[0.109559] (app) StderrLine: {'line': b'  CMake did not find one.\n'}
[0.109728] (app) StderrLine: {'line': b'\n'}
[0.109895] (app) StderrLine: {'line': b'  Could not find a package configuration file provided by "catkin" with any\n'}
[0.110061] (app) StderrLine: {'line': b'  of the following names:\n'}
[0.110224] (app) StderrLine: {'line': b'\n'}
[0.110387] (app) StderrLine: {'line': b'    catkinConfig.cmake\n'}
[0.110539] (app) StderrLine: {'line': b'    catkin-config.cmake\n'}
[0.110689] (app) StderrLine: {'line': b'\n'}
[0.110841] (app) StderrLine: {'line': b'  Add the installation prefix of "catkin" to CMAKE_PREFIX_PATH or set\n'}
[0.110994] (app) StderrLine: {'line': b'  "catkin_DIR" to a directory containing one of the above files.  If "catkin"\n'}
[0.111149] (app) StderrLine: {'line': b'  provides a separate development package or SDK, be sure it has been\n'}
[0.111306] (app) StderrLine: {'line': b'  installed.\n'}
[0.111485] (app) StderrLine: {'line': b'\n'}
[0.111647] (app) StderrLine: {'line': b'\x1b[0m\n'}
[0.111807] (hal) StderrLine: {'line': b'\x1b[31mCMake Error at hal_pigpio/CMakeLists.txt:8 (find_package):\n'}
[0.112248] (hal) StderrLine: {'line': b'  By not providing "Findcatkin.cmake" in CMAKE_MODULE_PATH this project has\n'}
[0.113100] (hal) StderrLine: {'line': b'  asked CMake to find a package configuration file provided by "catkin", but\n'}
[0.113896] (hal) StderrLine: {'line': b'  CMake did not find one.\n'}
[0.114578] (hal) StderrLine: {'line': b'\n'}
[0.115095] (hal) StderrLine: {'line': b'  Could not find a package configuration file provided by "catkin" with any\n'}
[0.115619] (hal) StderrLine: {'line': b'  of the following names:\n'}
[0.117397] (hal) StderrLine: {'line': b'\n'}
[0.117928] (hal) StderrLine: {'line': b'    catkinConfig.cmake\n'}
[0.118282] (hal) StderrLine: {'line': b'    catkin-config.cmake\n'}
[0.118456] (hal) StderrLine: {'line': b'\n'}
[0.118624] (hal) StderrLine: {'line': b'  Add the installation prefix of "catkin" to CMAKE_PREFIX_PATH or set\n'}
[0.118796] (hal) StderrLine: {'line': b'  "catkin_DIR" to a directory containing one of the above files.  If "catkin"\n'}
[0.118969] (hal) StderrLine: {'line': b'  provides a separate development package or SDK, be sure it has been\n'}
[0.119139] (hal) StderrLine: {'line': b'  installed.\n'}
[0.119310] (hal) StderrLine: {'line': b'\n'}
[0.119475] (hal) StderrLine: {'line': b'\x1b[0m\n'}
[0.119643] (hal) StdoutLine: {'line': b'-- Configuring incomplete, errors occurred!\n'}
[0.119831] (hal) StdoutLine: {'line': b'See also "/home/arnix/src/alfred/catkin_ws/build/hal/CMakeFiles/CMakeOutput.log".\n'}
[0.119997] (app) StdoutLine: {'line': b'-- Configuring incomplete, errors occurred!\n'}
[0.120296] (app) StdoutLine: {'line': b'See also "/home/arnix/src/alfred/catkin_ws/build/app/CMakeFiles/CMakeOutput.log".\n'}
[0.120464] (hal) CommandEnded: {'returncode': 1}
[0.121358] (hal) JobEnded: {'identifier': 'hal', 'rc': 1}
[0.122341] (app) CommandEnded: {'returncode': 1}
[0.123416] (app) JobEnded: {'identifier': 'app', 'rc': 'SIGINT'}
[0.125618] (sim) JobEnded: {'identifier': 'sim', 'rc': 'SIGINT'}
[0.135840] (-) EventReactorShutdown: {}
