[0.000000] (-) TimerEvent: {}
[0.000266] (app) JobQueued: {'identifier': 'app', 'dependencies': OrderedDict()}
[0.000289] (hal) JobQueued: {'identifier': 'hal', 'dependencies': OrderedDict()}
[0.000302] (sim) JobQueued: {'identifier': 'sim', 'dependencies': OrderedDict()}
[0.000314] (app) JobStarted: {'identifier': 'app'}
[0.003642] (hal) JobStarted: {'identifier': 'hal'}
[0.004764] (sim) JobStarted: {'identifier': 'sim'}
[0.006815] (app) JobProgress: {'identifier': 'app', 'progress': 'cmake'}
[0.006928] (app) Command: {'cmd': ['/usr/bin/cmake', '/home/arnix/src/alfred/catkin_ws/src/app', '-DCMAKE_EXPORT_COMPILE_COMMANDS=ON', '-DCATKIN_INSTALL_INTO_PREFIX_ROOT=0', '-DCATKIN_SYMLINK_INSTALL=ON', '-DCMAKE_INSTALL_PREFIX=/home/arnix/src/alfred/catkin_ws/install/app'], 'cwd': '/home/arnix/src/alfred/catkin_ws/build/app', 'env': OrderedDict([('GJS_DEBUG_TOPICS', 'JS ERROR;JS LOG'), ('LESSOPEN', '| /usr/bin/lesspipe %s'), ('LANGUAGE', 'en_GB:en'), ('USER', 'arnix'), ('XDG_SESSION_TYPE', 'wayland'), ('GIT_ASKPASS', '/usr/share/code/resources/app/extensions/git/dist/askpass.sh'), ('SHLVL', '0'), ('HOME', '/home/arnix'), ('CHROME_DESKTOP', 'code-url-handler.desktop'), ('TERM_PROGRAM_VERSION', '1.67.2'), ('DESKTOP_SESSION', 'ubuntu'), ('GIO_LAUNCHED_DESKTOP_FILE', '/usr/share/applications/code.desktop'), ('GNOME_SHELL_SESSION_MODE', 'ubuntu'), ('GTK_MODULES', 'gail:atk-bridge'), ('VSCODE_GIT_ASKPASS_MAIN', '/usr/share/code/resources/app/extensions/git/dist/askpass-main.js'), ('VSCODE_GIT_ASKPASS_NODE', '/usr/share/code/code'), ('MANAGERPID', '2051'), ('SYSTEMD_EXEC_PID', '2266'), ('IM_CONFIG_CHECK_ENV', '1'), ('DBUS_SESSION_BUS_ADDRESS', 'unix:path=/run/user/1000/bus'), ('COLORTERM', 'truecolor'), ('GIO_LAUNCHED_DESKTOP_FILE_PID', '17216'), ('IM_CONFIG_PHASE', '1'), ('WAYLAND_DISPLAY', 'wayland-0'), ('LOGNAME', 'arnix'), ('_', '/usr/bin/colcon'), ('JOURNAL_STREAM', '8:32520'), ('XDG_SESSION_CLASS', 'user'), ('USERNAME', 'arnix'), ('TERM', 'xterm-256color'), ('GNOME_DESKTOP_SESSION_ID', 'this-is-deprecated'), ('PATH', '/usr/local/sbin:/usr/local/bin:/usr/sbin:/usr/bin:/sbin:/bin:/usr/games:/usr/local/games:/snap/bin:/snap/bin'), ('SESSION_MANAGER', 'local/Faye:@/tmp/.ICE-unix/2212,unix/Faye:/tmp/.ICE-unix/2212'), ('INVOCATION_ID', '7a649f5011964018aee712d4bb085973'), ('XDG_MENU_PREFIX', 'gnome-'), ('GNOME_SETUP_DISPLAY', ':1'), ('XDG_RUNTIME_DIR', '/run/user/1000'), ('GDK_BACKEND', 'x11'), ('DISPLAY', ':0'), ('LANG', 'en_US.UTF-8'), ('XDG_CURRENT_DESKTOP', 'Unity'), ('XMODIFIERS', '@im=ibus'), ('XDG_SESSION_DESKTOP', 'ubuntu'), ('XAUTHORITY', '/run/user/1000/.mutter-Xwaylandauth.M9G3M1'), ('VSCODE_GIT_IPC_HANDLE', '/run/user/1000/vscode-git-87d4434bef.sock'), ('TERM_PROGRAM', 'vscode'), ('SSH_AGENT_LAUNCHER', 'gnome-keyring'), ('SSH_AUTH_SOCK', '/run/user/1000/keyring/ssh'), ('ORIGINAL_XDG_CURRENT_DESKTOP', 'ubuntu:GNOME'), ('SHELL', '/bin/bash'), ('QT_ACCESSIBILITY', '1'), ('GDMSESSION', 'ubuntu'), ('LESSCLOSE', '/usr/bin/lesspipe %s %s'), ('GJS_DEBUG_OUTPUT', 'stderr'), ('VSCODE_GIT_ASKPASS_EXTRA_ARGS', '--ms-enable-electron-run-as-node'), ('QT_IM_MODULE', 'ibus'), ('PWD', '/home/arnix/src/alfred/catkin_ws/build/app'), ('LC_ALL', 'en_US.UTF-8'), ('XDG_CONFIG_DIRS', '/etc/xdg/xdg-ubuntu:/etc/xdg'), ('XDG_DATA_DIRS', '/usr/share/ubuntu:/usr/local/share/:/usr/share/:/var/lib/snapd/desktop'), ('COLCON', '1')]), 'shell': False}
[0.008987] (hal) JobProgress: {'identifier': 'hal', 'progress': 'cmake'}
[0.009205] (hal) Command: {'cmd': ['/usr/bin/cmake', '/home/arnix/src/alfred/catkin_ws/src/hal', '-DCMAKE_EXPORT_COMPILE_COMMANDS=ON', '-DCMAKE_INSTALL_PREFIX=/home/arnix/src/alfred/catkin_ws/install/hal'], 'cwd': '/home/arnix/src/alfred/catkin_ws/build/hal', 'env': OrderedDict([('GJS_DEBUG_TOPICS', 'JS ERROR;JS LOG'), ('LESSOPEN', '| /usr/bin/lesspipe %s'), ('LANGUAGE', 'en_GB:en'), ('USER', 'arnix'), ('XDG_SESSION_TYPE', 'wayland'), ('GIT_ASKPASS', '/usr/share/code/resources/app/extensions/git/dist/askpass.sh'), ('SHLVL', '0'), ('HOME', '/home/arnix'), ('CHROME_DESKTOP', 'code-url-handler.desktop'), ('TERM_PROGRAM_VERSION', '1.67.2'), ('DESKTOP_SESSION', 'ubuntu'), ('GIO_LAUNCHED_DESKTOP_FILE', '/usr/share/applications/code.desktop'), ('GNOME_SHELL_SESSION_MODE', 'ubuntu'), ('GTK_MODULES', 'gail:atk-bridge'), ('VSCODE_GIT_ASKPASS_MAIN', '/usr/share/code/resources/app/extensions/git/dist/askpass-main.js'), ('VSCODE_GIT_ASKPASS_NODE', '/usr/share/code/code'), ('MANAGERPID', '2051'), ('SYSTEMD_EXEC_PID', '2266'), ('IM_CONFIG_CHECK_ENV', '1'), ('DBUS_SESSION_BUS_ADDRESS', 'unix:path=/run/user/1000/bus'), ('COLORTERM', 'truecolor'), ('GIO_LAUNCHED_DESKTOP_FILE_PID', '17216'), ('IM_CONFIG_PHASE', '1'), ('WAYLAND_DISPLAY', 'wayland-0'), ('LOGNAME', 'arnix'), ('_', '/usr/bin/colcon'), ('JOURNAL_STREAM', '8:32520'), ('XDG_SESSION_CLASS', 'user'), ('USERNAME', 'arnix'), ('TERM', 'xterm-256color'), ('GNOME_DESKTOP_SESSION_ID', 'this-is-deprecated'), ('PATH', '/usr/local/sbin:/usr/local/bin:/usr/sbin:/usr/bin:/sbin:/bin:/usr/games:/usr/local/games:/snap/bin:/snap/bin'), ('SESSION_MANAGER', 'local/Faye:@/tmp/.ICE-unix/2212,unix/Faye:/tmp/.ICE-unix/2212'), ('INVOCATION_ID', '7a649f5011964018aee712d4bb085973'), ('XDG_MENU_PREFIX', 'gnome-'), ('GNOME_SETUP_DISPLAY', ':1'), ('XDG_RUNTIME_DIR', '/run/user/1000'), ('GDK_BACKEND', 'x11'), ('DISPLAY', ':0'), ('LANG', 'en_US.UTF-8'), ('XDG_CURRENT_DESKTOP', 'Unity'), ('XMODIFIERS', '@im=ibus'), ('XDG_SESSION_DESKTOP', 'ubuntu'), ('XAUTHORITY', '/run/user/1000/.mutter-Xwaylandauth.M9G3M1'), ('VSCODE_GIT_IPC_HANDLE', '/run/user/1000/vscode-git-87d4434bef.sock'), ('TERM_PROGRAM', 'vscode'), ('SSH_AGENT_LAUNCHER', 'gnome-keyring'), ('SSH_AUTH_SOCK', '/run/user/1000/keyring/ssh'), ('ORIGINAL_XDG_CURRENT_DESKTOP', 'ubuntu:GNOME'), ('SHELL', '/bin/bash'), ('QT_ACCESSIBILITY', '1'), ('GDMSESSION', 'ubuntu'), ('LESSCLOSE', '/usr/bin/lesspipe %s %s'), ('GJS_DEBUG_OUTPUT', 'stderr'), ('VSCODE_GIT_ASKPASS_EXTRA_ARGS', '--ms-enable-electron-run-as-node'), ('QT_IM_MODULE', 'ibus'), ('PWD', '/home/arnix/src/alfred/catkin_ws/build/hal'), ('LC_ALL', 'en_US.UTF-8'), ('XDG_CONFIG_DIRS', '/etc/xdg/xdg-ubuntu:/etc/xdg'), ('XDG_DATA_DIRS', '/usr/share/ubuntu:/usr/local/share/:/usr/share/:/var/lib/snapd/desktop'), ('COLCON', '1')]), 'shell': False}
[0.011166] (sim) JobProgress: {'identifier': 'sim', 'progress': 'cmake'}
[0.011937] (sim) Command: {'cmd': ['/usr/bin/cmake', '/home/arnix/src/alfred/catkin_ws/src/sim', '-DCMAKE_EXPORT_COMPILE_COMMANDS=ON', '-DCATKIN_INSTALL_INTO_PREFIX_ROOT=0', '-DCATKIN_SYMLINK_INSTALL=ON', '-DCMAKE_INSTALL_PREFIX=/home/arnix/src/alfred/catkin_ws/install/sim'], 'cwd': '/home/arnix/src/alfred/catkin_ws/build/sim', 'env': OrderedDict([('GJS_DEBUG_TOPICS', 'JS ERROR;JS LOG'), ('LESSOPEN', '| /usr/bin/lesspipe %s'), ('LANGUAGE', 'en_GB:en'), ('USER', 'arnix'), ('XDG_SESSION_TYPE', 'wayland'), ('GIT_ASKPASS', '/usr/share/code/resources/app/extensions/git/dist/askpass.sh'), ('SHLVL', '0'), ('HOME', '/home/arnix'), ('CHROME_DESKTOP', 'code-url-handler.desktop'), ('TERM_PROGRAM_VERSION', '1.67.2'), ('DESKTOP_SESSION', 'ubuntu'), ('GIO_LAUNCHED_DESKTOP_FILE', '/usr/share/applications/code.desktop'), ('GNOME_SHELL_SESSION_MODE', 'ubuntu'), ('GTK_MODULES', 'gail:atk-bridge'), ('VSCODE_GIT_ASKPASS_MAIN', '/usr/share/code/resources/app/extensions/git/dist/askpass-main.js'), ('VSCODE_GIT_ASKPASS_NODE', '/usr/share/code/code'), ('MANAGERPID', '2051'), ('SYSTEMD_EXEC_PID', '2266'), ('IM_CONFIG_CHECK_ENV', '1'), ('DBUS_SESSION_BUS_ADDRESS', 'unix:path=/run/user/1000/bus'), ('COLORTERM', 'truecolor'), ('GIO_LAUNCHED_DESKTOP_FILE_PID', '17216'), ('IM_CONFIG_PHASE', '1'), ('WAYLAND_DISPLAY', 'wayland-0'), ('LOGNAME', 'arnix'), ('_', '/usr/bin/colcon'), ('JOURNAL_STREAM', '8:32520'), ('XDG_SESSION_CLASS', 'user'), ('USERNAME', 'arnix'), ('TERM', 'xterm-256color'), ('GNOME_DESKTOP_SESSION_ID', 'this-is-deprecated'), ('PATH', '/usr/local/sbin:/usr/local/bin:/usr/sbin:/usr/bin:/sbin:/bin:/usr/games:/usr/local/games:/snap/bin:/snap/bin'), ('SESSION_MANAGER', 'local/Faye:@/tmp/.ICE-unix/2212,unix/Faye:/tmp/.ICE-unix/2212'), ('INVOCATION_ID', '7a649f5011964018aee712d4bb085973'), ('XDG_MENU_PREFIX', 'gnome-'), ('GNOME_SETUP_DISPLAY', ':1'), ('XDG_RUNTIME_DIR', '/run/user/1000'), ('GDK_BACKEND', 'x11'), ('DISPLAY', ':0'), ('LANG', 'en_US.UTF-8'), ('XDG_CURRENT_DESKTOP', 'Unity'), ('XMODIFIERS', '@im=ibus'), ('XDG_SESSION_DESKTOP', 'ubuntu'), ('XAUTHORITY', '/run/user/1000/.mutter-Xwaylandauth.M9G3M1'), ('VSCODE_GIT_IPC_HANDLE', '/run/user/1000/vscode-git-87d4434bef.sock'), ('TERM_PROGRAM', 'vscode'), ('SSH_AGENT_LAUNCHER', 'gnome-keyring'), ('SSH_AUTH_SOCK', '/run/user/1000/keyring/ssh'), ('ORIGINAL_XDG_CURRENT_DESKTOP', 'ubuntu:GNOME'), ('SHELL', '/bin/bash'), ('QT_ACCESSIBILITY', '1'), ('GDMSESSION', 'ubuntu'), ('LESSCLOSE', '/usr/bin/lesspipe %s %s'), ('GJS_DEBUG_OUTPUT', 'stderr'), ('VSCODE_GIT_ASKPASS_EXTRA_ARGS', '--ms-enable-electron-run-as-node'), ('QT_IM_MODULE', 'ibus'), ('PWD', '/home/arnix/src/alfred/catkin_ws/build/sim'), ('LC_ALL', 'en_US.UTF-8'), ('XDG_CONFIG_DIRS', '/etc/xdg/xdg-ubuntu:/etc/xdg'), ('XDG_DATA_DIRS', '/usr/share/ubuntu:/usr/local/share/:/usr/share/:/var/lib/snapd/desktop'), ('COLCON', '1')]), 'shell': False}
[0.024236] (hal) StderrLine: {'line': b'\x1b[33mCMake Warning (dev) in CMakeLists.txt:\n'}
[0.024406] (hal) StderrLine: {'line': b'  No project() command is present.  The top-level CMakeLists.txt file must\n'}
[0.024460] (hal) StderrLine: {'line': b'  contain a literal, direct call to the project() command.  Add a line of\n'}
[0.024523] (hal) StderrLine: {'line': b'  code such as\n'}
[0.024587] (hal) StderrLine: {'line': b'\n'}
[0.024648] (hal) StderrLine: {'line': b'    project(ProjectName)\n'}
[0.024696] (hal) StderrLine: {'line': b'\n'}
[0.024739] (hal) StderrLine: {'line': b'  near the top of the file, but after cmake_minimum_required().\n'}
[0.024777] (hal) StderrLine: {'line': b'\n'}
[0.024837] (hal) StderrLine: {'line': b'  CMake is pretending there is a "project(Project)" command on the first\n'}
[0.024885] (hal) StderrLine: {'line': b'  line.\n'}
[0.024923] (hal) StderrLine: {'line': b'This warning is for project developers.  Use -Wno-dev to suppress it.\n'}
[0.024962] (hal) StderrLine: {'line': b'\x1b[0m\n'}
[0.080672] (app) StdoutLine: {'line': b'-- The C compiler identification is GNU 11.2.0\n'}
[0.081922] (sim) StdoutLine: {'line': b'-- The C compiler identification is GNU 11.2.0\n'}
[0.082076] (hal) StdoutLine: {'line': b'-- The C compiler identification is GNU 11.2.0\n'}
[0.099681] (-) TimerEvent: {}
[0.133333] (sim) StdoutLine: {'line': b'-- The CXX compiler identification is GNU 11.2.0\n'}
[0.140821] (sim) StdoutLine: {'line': b'-- Detecting C compiler ABI info\n'}
[0.141074] (app) StdoutLine: {'line': b'-- The CXX compiler identification is GNU 11.2.0\n'}
[0.141231] (hal) StdoutLine: {'line': b'-- The CXX compiler identification is GNU 11.2.0\n'}
[0.146632] (hal) StdoutLine: {'line': b'-- Detecting C compiler ABI info\n'}
[0.147021] (app) StdoutLine: {'line': b'-- Detecting C compiler ABI info\n'}
[0.185150] (app) StdoutLine: {'line': b'-- Detecting C compiler ABI info - done\n'}
[0.185367] (sim) StdoutLine: {'line': b'-- Detecting C compiler ABI info - done\n'}
[0.185454] (hal) StdoutLine: {'line': b'-- Detecting C compiler ABI info - done\n'}
[0.190931] (sim) StdoutLine: {'line': b'-- Check for working C compiler: /usr/bin/cc - skipped\n'}
[0.191065] (hal) StdoutLine: {'line': b'-- Check for working C compiler: /usr/bin/cc - skipped\n'}
[0.191174] (app) StdoutLine: {'line': b'-- Check for working C compiler: /usr/bin/cc - skipped\n'}
[0.191279] (hal) StdoutLine: {'line': b'-- Detecting C compile features\n'}
[0.191341] (sim) StdoutLine: {'line': b'-- Detecting C compile features\n'}
[0.191394] (app) StdoutLine: {'line': b'-- Detecting C compile features\n'}
[0.192046] (hal) StdoutLine: {'line': b'-- Detecting C compile features - done\n'}
[0.192142] (app) StdoutLine: {'line': b'-- Detecting C compile features - done\n'}
[0.192211] (sim) StdoutLine: {'line': b'-- Detecting C compile features - done\n'}
[0.195092] (app) StdoutLine: {'line': b'-- Detecting CXX compiler ABI info\n'}
[0.195276] (hal) StdoutLine: {'line': b'-- Detecting CXX compiler ABI info\n'}
[0.195343] (sim) StdoutLine: {'line': b'-- Detecting CXX compiler ABI info\n'}
[0.199795] (-) TimerEvent: {}
[0.245161] (app) StdoutLine: {'line': b'-- Detecting CXX compiler ABI info - done\n'}
[0.245902] (sim) StdoutLine: {'line': b'-- Detecting CXX compiler ABI info - done\n'}
[0.247068] (hal) StdoutLine: {'line': b'-- Detecting CXX compiler ABI info - done\n'}
[0.251329] (app) StdoutLine: {'line': b'-- Check for working CXX compiler: /usr/bin/c++ - skipped\n'}
[0.251477] (app) StdoutLine: {'line': b'-- Detecting CXX compile features\n'}
[0.251918] (app) StdoutLine: {'line': b'-- Detecting CXX compile features - done\n'}
[0.256645] (sim) StdoutLine: {'line': b'-- Check for working CXX compiler: /usr/bin/c++ - skipped\n'}
[0.256895] (sim) StdoutLine: {'line': b'-- Detecting CXX compile features\n'}
[0.257518] (sim) StdoutLine: {'line': b'-- Detecting CXX compile features - done\n'}
[0.258269] (hal) StdoutLine: {'line': b'-- Check for working CXX compiler: /usr/bin/c++ - skipped\n'}
[0.258486] (hal) StdoutLine: {'line': b'-- Detecting CXX compile features\n'}
[0.258879] (app) StderrLine: {'line': b'\x1b[31mCMake Error at CMakeLists.txt:8 (find_package):\n'}
[0.258950] (app) StderrLine: {'line': b'  By not providing "Findcatkin.cmake" in CMAKE_MODULE_PATH this project has\n'}
[0.258990] (app) StderrLine: {'line': b'  asked CMake to find a package configuration file provided by "catkin", but\n'}
[0.259031] (app) StderrLine: {'line': b'  CMake did not find one.\n'}
[0.259087] (app) StderrLine: {'line': b'\n'}
[0.259142] (app) StderrLine: {'line': b'  Could not find a package configuration file provided by "catkin" with any\n'}
[0.259201] (app) StderrLine: {'line': b'  of the following names:\n'}
[0.259261] (app) StderrLine: {'line': b'\n'}
[0.259318] (app) StderrLine: {'line': b'    catkinConfig.cmake\n'}
[0.259373] (app) StderrLine: {'line': b'    catkin-config.cmake\n'}
[0.259414] (app) StderrLine: {'line': b'\n'}
[0.259455] (app) StderrLine: {'line': b'  Add the installation prefix of "catkin" to CMAKE_PREFIX_PATH or set\n'}
[0.259495] (app) StderrLine: {'line': b'  "catkin_DIR" to a directory containing one of the above files.  If "catkin"\n'}
[0.259536] (app) StderrLine: {'line': b'  provides a separate development package or SDK, be sure it has been\n'}
[0.259576] (app) StderrLine: {'line': b'  installed.\n'}
[0.259617] (app) StderrLine: {'line': b'\n'}
[0.259657] (app) StderrLine: {'line': b'\x1b[0m\n'}
[0.259697] (app) StdoutLine: {'line': b'-- Configuring incomplete, errors occurred!\n'}
[0.259739] (app) StdoutLine: {'line': b'See also "/home/arnix/src/alfred/catkin_ws/build/app/CMakeFiles/CMakeOutput.log".\n'}
[0.259978] (hal) StdoutLine: {'line': b'-- Detecting CXX compile features - done\n'}
[0.261902] (app) CommandEnded: {'returncode': 1}
[0.267529] (sim) StderrLine: {'line': b'\x1b[31mCMake Error at CMakeLists.txt:8 (find_package):\n'}
[0.267836] (sim) StderrLine: {'line': b'  By not providing "Findcatkin.cmake" in CMAKE_MODULE_PATH this project has\n'}
[0.267947] (sim) StderrLine: {'line': b'  asked CMake to find a package configuration file provided by "catkin", but\n'}
[0.267995] (sim) StderrLine: {'line': b'  CMake did not find one.\n'}
[0.268036] (sim) StderrLine: {'line': b'\n'}
[0.268074] (sim) StderrLine: {'line': b'  Could not find a package configuration file provided by "catkin" with any\n'}
[0.268112] (sim) StderrLine: {'line': b'  of the following names:\n'}
[0.268150] (sim) StderrLine: {'line': b'\n'}
[0.268187] (sim) StderrLine: {'line': b'    catkinConfig.cmake\n'}
[0.268224] (sim) StderrLine: {'line': b'    catkin-config.cmake\n'}
[0.268261] (sim) StderrLine: {'line': b'\n'}
[0.268298] (sim) StderrLine: {'line': b'  Add the installation prefix of "catkin" to CMAKE_PREFIX_PATH or set\n'}
[0.268337] (sim) StderrLine: {'line': b'  "catkin_DIR" to a directory containing one of the above files.  If "catkin"\n'}
[0.268374] (sim) StderrLine: {'line': b'  provides a separate development package or SDK, be sure it has been\n'}
[0.268412] (sim) StderrLine: {'line': b'  installed.\n'}
[0.268449] (sim) StderrLine: {'line': b'\n'}
[0.268486] (sim) StdoutLine: {'line': b'-- Configuring incomplete, errors occurred!\n'}
[0.268535] (sim) StdoutLine: {'line': b'See also "/home/arnix/src/alfred/catkin_ws/build/sim/CMakeFiles/CMakeOutput.log".\n'}
[0.268575] (sim) StderrLine: {'line': b'\x1b[0m\n'}
[0.269618] (hal) StderrLine: {'line': b'\x1b[31mCMake Error at hal_pigpio/CMakeLists.txt:8 (find_package):\n'}
[0.269742] (hal) StderrLine: {'line': b'  By not providing "Findcatkin.cmake" in CMAKE_MODULE_PATH this project has\n'}
[0.269794] (hal) StderrLine: {'line': b'  asked CMake to find a package configuration file provided by "catkin", but\n'}
[0.269843] (hal) StderrLine: {'line': b'  CMake did not find one.\n'}
[0.269892] (hal) StderrLine: {'line': b'\n'}
[0.269940] (hal) StderrLine: {'line': b'  Could not find a package configuration file provided by "catkin" with any\n'}
[0.269988] (hal) StderrLine: {'line': b'  of the following names:\n'}
[0.270040] (hal) StderrLine: {'line': b'\n'}
[0.270087] (hal) StderrLine: {'line': b'    catkinConfig.cmake\n'}
[0.270136] (hal) StderrLine: {'line': b'    catkin-config.cmake\n'}
[0.270184] (hal) StderrLine: {'line': b'\n'}
[0.270234] (hal) StderrLine: {'line': b'  Add the installation prefix of "catkin" to CMAKE_PREFIX_PATH or set\n'}
[0.270290] (hal) StderrLine: {'line': b'  "catkin_DIR" to a directory containing one of the above files.  If "catkin"\n'}
[0.270331] (hal) StderrLine: {'line': b'  provides a separate development package or SDK, be sure it has been\n'}
[0.270372] (hal) StderrLine: {'line': b'  installed.\n'}
[0.270412] (hal) StderrLine: {'line': b'\n'}
[0.270453] (hal) StderrLine: {'line': b'\x1b[0m\n'}
[0.270495] (hal) StdoutLine: {'line': b'-- Configuring incomplete, errors occurred!\n'}
[0.270628] (hal) StdoutLine: {'line': b'See also "/home/arnix/src/alfred/catkin_ws/build/hal/CMakeFiles/CMakeOutput.log".\n'}
[0.276575] (app) JobEnded: {'identifier': 'app', 'rc': 1}
[0.277307] (sim) JobEnded: {'identifier': 'sim', 'rc': 'SIGINT'}
[0.277658] (hal) JobEnded: {'identifier': 'hal', 'rc': 'SIGINT'}
[0.288058] (-) EventReactorShutdown: {}
