[0.016s] Invoking command in '/home/arnix/src/alfred/catkin_ws/build/hal': /usr/bin/cmake /home/arnix/src/alfred/catkin_ws/src/hal -DCMAKE_EXPORT_COMPILE_COMMANDS=ON -DCMAKE_INSTALL_PREFIX=/home/arnix/src/alfred/catkin_ws/install/hal
[0.018s] [33mCMake Warning (dev) in CMakeLists.txt:
[0.019s]   No project() command is present.  The top-level CMakeLists.txt file must
[0.019s]   contain a literal, direct call to the project() command.  Add a line of
[0.019s]   code such as
[0.019s] 
[0.019s]     project(ProjectName)
[0.019s] 
[0.019s]   near the top of the file, but after cmake_minimum_required().
[0.019s] 
[0.019s]   CMake is pretending there is a "project(Project)" command on the first
[0.019s]   line.
[0.019s] This warning is for project developers.  Use -Wno-dev to suppress it.
[0.019s] [0m
[0.054s] -- The C compiler identification is GNU 11.2.0
[0.094s] -- The CXX compiler identification is GNU 11.2.0
[0.103s] -- Detecting C compiler ABI info
[0.145s] -- Detecting C compiler ABI info - done
[0.150s] -- Check for working C compiler: /usr/bin/cc - skipped
[0.151s] -- Detecting C compile features
[0.151s] -- Detecting C compile features - done
[0.153s] -- Detecting CXX compiler ABI info
[0.201s] -- Detecting CXX compiler ABI info - done
[0.207s] -- Check for working CXX compiler: /usr/bin/c++ - skipped
[0.208s] -- Detecting CXX compile features
[0.208s] -- Detecting CXX compile features - done
[0.217s] [31mCMake Error at hal_pigpio/CMakeLists.txt:8 (find_package):
[0.217s]   By not providing "Findcatkin.cmake" in CMAKE_MODULE_PATH this project has
[0.217s]   asked CMake to find a package configuration file provided by "catkin", but
[0.217s]   CMake did not find one.
[0.217s] 
[0.217s]   Could not find a package configuration file provided by "catkin" with any
[0.217s]   of the following names:
[0.217s] 
[0.217s]     catkinConfig.cmake
[0.217s]     catkin-config.cmake
[0.217s] 
[0.217s]   Add the installation prefix of "catkin" to CMAKE_PREFIX_PATH or set
[0.217s]   "catkin_DIR" to a directory containing one of the above files.  If "catkin"
[0.217s]   provides a separate development package or SDK, be sure it has been
[0.218s]   installed.
[0.218s] 
[0.218s] [0m
[0.220s] -- Configuring incomplete, errors occurred!
[0.220s] See also "/home/arnix/src/alfred/catkin_ws/build/hal/CMakeFiles/CMakeOutput.log".
[0.220s] Invoked command in '/home/arnix/src/alfred/catkin_ws/build/hal' returned '1': /usr/bin/cmake /home/arnix/src/alfred/catkin_ws/src/hal -DCMAKE_EXPORT_COMPILE_COMMANDS=ON -DCMAKE_INSTALL_PREFIX=/home/arnix/src/alfred/catkin_ws/install/hal
